#
# A fatal error has been detected by the Java Runtime Environment:
#
#  SIGSEGV (0xb) at pc=0x00007f6085cd0800, pid=19041, tid=140052125583104
#
# JRE version: Java(TM) SE Runtime Environment (8.0_66-b17) (build 1.8.0_66-b17)
# Java VM: Java HotSpot(TM) 64-Bit Server VM (25.66-b17 mixed mode linux-amd64 compressed oops)
# Problematic frame:
# V  [libjvm.so+0x8a5800]  Method::checked_resolve_jmethod_id(_jmethodID*)+0x20
#
# Failed to write core dump. Core dumps have been disabled. To enable core dumping, try "ulimit -c unlimited" before starting Java again
#
# If you would like to submit a bug report, please visit:
#   http://bugreport.java.com/bugreport/crash.jsp
#

---------------  T H R E A D  ---------------

Current thread (0x00007f60800c4800):  JavaThread "JDWP Transport Listener: dt_socket" daemon [_thread_in_vm, id=19058, stack(0x00007f606d220000,0x00007f606d321000)]

siginfo: si_signo: 11 (SIGSEGV), si_code: 1 (SEGV_MAPERR), si_addr: 0x0000000000000060

Registers:
RAX=0x0000000000000001, RBX=0x00007f6080003640, RCX=0x00007f6086dfd320, RDX=0x00007f60863da560
RSP=0x00007f606d31f990, RBP=0x00007f606d31f9a0, RSI=0x00007f60800c4800, RDI=0x0000000000000060
R8 =0x0000000000000000, R9 =0x00007f60440086c0, R10=0x0000000000000020, R11=0x00007f608658cc70
R12=0x0000000000000017, R13=0x0000000000000060, R14=0x00007f60800c4800, R15=0x00007f606d31faa7
RIP=0x00007f6085cd0800, EFLAGS=0x0000000000010206, CSGSFS=0x0000000000000033, ERR=0x0000000000000004
  TRAPNO=0x000000000000000e

Top of Stack: (sp=0x00007f606d31f990)
0x00007f606d31f990:   0000000000000074 00007f6080003640
0x00007f606d31f9a0:   00007f606d31fa10 00007f6085b612de
0x00007f606d31f9b0:   0000000000000073 00007f606d31f9c0
0x00007f606d31f9c0:   00007f60800c4800 0000000000000000
0x00007f606d31f9d0:   00007f6000000000 0000000000000000
0x00007f606d31f9e0:   00007f606d31fa00 00007f6084ae1e40
0x00007f606d31f9f0:   0000000000000060 00007f606d31faa7
0x00007f606d31fa00:   000000000000000a 00007f606d31faa7
0x00007f606d31fa10:   00007f606d31fa40 00007f60848cd8c2
0x00007f606d31fa20:   00007f606d31fa40 0000000000000060
0x00007f606d31fa30:   00007f606d31fb10 0000000000000050
0x00007f606d31fa40:   00007f606d31fad0 00007f60848aeaa0
0x00007f606d31fa50:   00007f606d31fa88 00007f606d31fa80
0x00007f606d31fa60:   00007f606d31fa78 00007f606d31fa9c
0x00007f606d31fa70:   000000014400ca70 0000000000000000
0x00007f606d31fa80:   0000000000000000 0000000000000000
0x00007f606d31fa90:   00007f604400c4d0 000000086d31fb10
0x00007f606d31faa0:   000000000000000b 0000000000000002
0x00007f606d31fab0:   000000000000000f 0000000000000002
0x00007f606d31fac0:   00000000000f0200 000000000000000f
0x00007f606d31fad0:   00007f606d31fd20 00007f60848b99c6
0x00007f606d31fae0:   00000d3700000013 00007f60850f0200
0x00007f606d31faf0:   00007f603c000fb0 0000000000000000
0x00007f606d31fb00:   00007f606d31fb10 00007f606d31fca0
0x00007f606d31fb10:   00007f604401ff5d 00007f600000000b
0x00007f606d31fb20:   00007f604401ff70 000000000000012c
0x00007f606d31fb30:   00007f606d31fb60 00007f604401ff70
0x00007f606d31fb40:   00007f0000000000 00000d370000001c
0x00007f606d31fb50:   00007f600000fc80 00007f606d31fb60
0x00007f606d31fb60:   607f00000b000000 05000000683b0044
0x00007f606d31fb70:   0000006573726170 6a2f67726f4c282c
0x00007f606d31fb80:   646f6e2f70756f73 6d75636f442f7365 

Instructions: (pc=0x00007f6085cd0800)
0x00007f6085cd07e0:   55 48 89 e5 53 48 83 ec 08 48 85 ff 75 12 31 db
0x00007f6085cd07f0:   48 89 d8 48 83 c4 08 5b c9 c3 66 0f 1f 44 00 00
0x00007f6085cd0800:   48 8b 1f 48 85 db 74 e6 48 83 fb 37 74 e0 48 8b
0x00007f6085cd0810:   03 48 89 df ff 50 10 84 c0 0f 1f 80 00 00 00 00 

Register to memory mapping:

RAX=0x0000000000000001 is an unknown value
RBX=0x00007f6080003640 is an unknown value
RCX=0x00007f6086dfd320: <offset 0x219320> in /lib/x86_64-linux-gnu/libpthread.so.0 at 0x00007f6086be4000
RDX=0x00007f60863da560: <offset 0xfaf560> in /usr/lib/jvm/java-8-oracle/jre/lib/amd64/server/libjvm.so at 0x00007f608542b000
RSP=0x00007f606d31f990 is pointing into the stack for thread: 0x00007f60800c4800
RBP=0x00007f606d31f9a0 is pointing into the stack for thread: 0x00007f60800c4800
RSI=0x00007f60800c4800 is a thread
RDI=0x0000000000000060 is an unknown value
R8 =0x0000000000000000 is an unknown value
R9 =0x00007f60440086c0 is an unknown value
R10=0x0000000000000020 is an unknown value
R11=0x00007f608658cc70: <offset 0x187c70> in /lib/x86_64-linux-gnu/libc.so.6 at 0x00007f6086405000
R12=0x0000000000000017 is an unknown value
R13=0x0000000000000060 is an unknown value
R14=0x00007f60800c4800 is a thread
R15=0x00007f606d31faa7 is pointing into the stack for thread: 0x00007f60800c4800


Stack: [0x00007f606d220000,0x00007f606d321000],  sp=0x00007f606d31f990,  free space=1022k
Native frames: (J=compiled Java code, j=interpreted, Vv=VM code, C=native code)
V  [libjvm.so+0x8a5800]  Method::checked_resolve_jmethod_id(_jmethodID*)+0x20
V  [libjvm.so+0x7362de]  jvmti_IsMethodSynthetic+0x2be
C  [libjdwp.so+0x258c2]  isMethodSynthetic+0x42
C  [libjdwp.so+0x6aa0]  methods1+0x1b0
C  [libjdwp.so+0x119c6]  debugLoop_run+0x2b6
C  [libjdwp.so+0x247ff]  attachThread+0x2f
V  [libjvm.so+0x7a2a62]  JvmtiAgentThread::call_start_function()+0xc2
V  [libjvm.so+0xa68fff]  JavaThread::thread_main_inner()+0xdf
V  [libjvm.so+0xa6912c]  JavaThread::run()+0x11c
V  [libjvm.so+0x91cc68]  java_start(Thread*)+0x108
C  [libpthread.so.0+0x8182]  start_thread+0xc2


---------------  P R O C E S S  ---------------

Java Threads: ( => current thread )
  0x00007f60800dc000 JavaThread "Service Thread" daemon [_thread_blocked, id=19068, stack(0x00007f606cc1a000,0x00007f606cd1b000)]
  0x00007f60800ce800 JavaThread "C1 CompilerThread2" daemon [_thread_blocked, id=19067, stack(0x00007f606cd1b000,0x00007f606ce1c000)]
  0x00007f60800cd000 JavaThread "C2 CompilerThread1" daemon [_thread_blocked, id=19066, stack(0x00007f606ce1c000,0x00007f606cf1d000)]
  0x00007f60800ca000 JavaThread "C2 CompilerThread0" daemon [_thread_blocked, id=19065, stack(0x00007f606cf1d000,0x00007f606d01e000)]
  0x00007f6044001000 JavaThread "JDWP Command Reader" daemon [_thread_in_native, id=19062, stack(0x00007f606d01e000,0x00007f606d11f000)]
  0x00007f60800c8000 JavaThread "JDWP Event Helper Thread" daemon [_thread_blocked, id=19061, stack(0x00007f606d11f000,0x00007f606d220000)]
=>0x00007f60800c4800 JavaThread "JDWP Transport Listener: dt_socket" daemon [_thread_in_vm, id=19058, stack(0x00007f606d220000,0x00007f606d321000)]
  0x00007f60800b8000 JavaThread "Signal Dispatcher" daemon [_thread_blocked, id=19056, stack(0x00007f606d525000,0x00007f606d626000)]
  0x00007f6080081000 JavaThread "Finalizer" daemon [_thread_blocked, id=19055, stack(0x00007f606d626000,0x00007f606d727000)]
  0x00007f608007f000 JavaThread "Reference Handler" daemon [_thread_blocked, id=19054, stack(0x00007f606d727000,0x00007f606d828000)]
  0x00007f608000c000 JavaThread "main" [_thread_blocked, id=19047, stack(0x00007f6086efb000,0x00007f6086ffc000)]

Other Threads:
  0x00007f608007a000 VMThread [stack: 0x00007f606d828000,0x00007f606d929000] [id=19053]
  0x00007f60800df800 WatcherThread [stack: 0x00007f606cb19000,0x00007f606cc1a000] [id=19069]

VM state:not at safepoint (normal execution)

VM Mutex/Monitor currently owned by a thread: None

Heap:
 PSYoungGen      total 36864K, used 8527K [0x00000000d6e00000, 0x00000000d9700000, 0x0000000100000000)
  eden space 31744K, 26% used [0x00000000d6e00000,0x00000000d7653f18,0x00000000d8d00000)
  from space 5120K, 0% used [0x00000000d9200000,0x00000000d9200000,0x00000000d9700000)
  to   space 5120K, 0% used [0x00000000d8d00000,0x00000000d8d00000,0x00000000d9200000)
 ParOldGen       total 84992K, used 0K [0x0000000084a00000, 0x0000000089d00000, 0x00000000d6e00000)
  object space 84992K, 0% used [0x0000000084a00000,0x0000000084a00000,0x0000000089d00000)
 Metaspace       used 4072K, capacity 5368K, committed 5632K, reserved 1056768K
  class space    used 438K, capacity 488K, committed 512K, reserved 1048576K

Card table byte_map: [0x00007f606fd5b000,0x00007f6070137000] byte_map_base: 0x00007f606f936000

Marking Bits: (ParMarkBitMap*) 0x00007f60863da020
 Begin Bits: [0x00007f6064250000, 0x00007f6066128000)
 End Bits:   [0x00007f6066128000, 0x00007f6068000000)

Polling page: 0x00007f6087021000

CodeCache: size=245760Kb used=2337Kb max_used=2344Kb free=243422Kb
 bounds [0x00007f60704f7000, 0x00007f6070767000, 0x00007f607f4f7000]
 total_blobs=619 nmethods=394 adapters=147
 compilation: enabled

Compilation events (10 events):
Event: 233.227 Thread 0x00007f60800ca000  394       4       org.jsoup.nodes.Node::ownerDocument (29 bytes)
Event: 233.228 Thread 0x00007f60800ca000 nmethod 394 0x00007f607073a5d0 code [0x00007f607073a720, 0x00007f607073a808]
Event: 325.819 Thread 0x00007f60800cd000  395       4       org.jsoup.nodes.Element::nodeName (8 bytes)
Event: 325.820 Thread 0x00007f60800cd000 nmethod 395 0x00007f607073b090 code [0x00007f607073b1e0, 0x00007f607073b278]
Event: 385.955 Thread 0x00007f60800ce800  396       3       org.jsoup.select.NodeTraversor::<init> (10 bytes)
Event: 385.955 Thread 0x00007f60800ce800 nmethod 396 0x00007f607073a1d0 code [0x00007f607073a340, 0x00007f607073a510]
Event: 385.955 Thread 0x00007f60800ce800  397       3       java.lang.StringBuilder::<init> (6 bytes)
Event: 385.955 Thread 0x00007f60800ce800 nmethod 397 0x00007f60705f76d0 code [0x00007f60705f7840, 0x00007f60705f7af0]
Event: 385.955 Thread 0x00007f60800ce800  398       3       org.jsoup.nodes.Node::outerHtml (21 bytes)
Event: 385.956 Thread 0x00007f60800ce800 nmethod 398 0x00007f607073cb50 code [0x00007f607073cd60, 0x00007f607073d988]

GC Heap History (0 events):
No events

Deoptimization events (2 events):
Event: 0.295 Thread 0x00007f608000c000 Uncommon trap: reason=unstable_if action=reinterpret pc=0x00007f6070686ee0 method=java.lang.String.<init>([CII)V @ 18
Event: 0.385 Thread 0x00007f608000c000 Uncommon trap: reason=unstable_if action=reinterpret pc=0x00007f6070649020 method=java.lang.String.indexOf(II)I @ 49

Internal exceptions (6 events):
Event: 0.049 Thread 0x00007f608000c000 Exception <a 'java/lang/NoSuchMethodError': Method sun.misc.Unsafe.defineClass(Ljava/lang/String;[BII)Ljava/lang/Class; name or signature does not match> (0x00000000d6e12b98) thrown at [/HUDSON/workspace/8-2-build-linux-amd64/jdk8u66/4988/hotspot/src/shar
Event: 0.049 Thread 0x00007f608000c000 Exception <a 'java/lang/NoSuchMethodError': Method sun.misc.Unsafe.prefetchRead(Ljava/lang/Object;J)V name or signature does not match> (0x00000000d6e12e80) thrown at [/HUDSON/workspace/8-2-build-linux-amd64/jdk8u66/4988/hotspot/src/share/vm/prims/jni.cpp
Event: 0.241 Thread 0x00007f608000c000 Exception <a 'java/security/PrivilegedActionException'> (0x00000000d72418c0) thrown at [/HUDSON/workspace/8-2-build-linux-amd64/jdk8u66/4988/hotspot/src/share/vm/prims/jvm.cpp, line 1386]
Event: 0.241 Thread 0x00007f608000c000 Exception <a 'java/security/PrivilegedActionException'> (0x00000000d7241ad0) thrown at [/HUDSON/workspace/8-2-build-linux-amd64/jdk8u66/4988/hotspot/src/share/vm/prims/jvm.cpp, line 1386]
Event: 0.241 Thread 0x00007f608000c000 Exception <a 'java/security/PrivilegedActionException'> (0x00000000d72440f8) thrown at [/HUDSON/workspace/8-2-build-linux-amd64/jdk8u66/4988/hotspot/src/share/vm/prims/jvm.cpp, line 1386]
Event: 0.241 Thread 0x00007f608000c000 Exception <a 'java/security/PrivilegedActionException'> (0x00000000d7244308) thrown at [/HUDSON/workspace/8-2-build-linux-amd64/jdk8u66/4988/hotspot/src/share/vm/prims/jvm.cpp, line 1386]

Events (10 events):
Event: 572.089 Executing VM operation: GetCurrentLocation
Event: 572.089 Executing VM operation: GetCurrentLocation done
Event: 572.089 Executing VM operation: EnterInterpOnlyMode
Event: 572.089 Executing VM operation: EnterInterpOnlyMode done
Event: 572.089 Executing VM operation: ChangeSingleStep
Event: 572.089 Executing VM operation: ChangeSingleStep done
Event: 572.089 Executing VM operation: ChangeSingleStep
Event: 572.089 Executing VM operation: ChangeSingleStep done
Event: 572.093 Executing VM operation: RedefineClasses
Event: 572.099 Executing VM operation: RedefineClasses done


Dynamic libraries:
00400000-00401000 r-xp 00000000 08:07 20718080                           /usr/lib/jvm/java-8-oracle/bin/java
00600000-00601000 rw-p 00000000 08:07 20718080                           /usr/lib/jvm/java-8-oracle/bin/java
00823000-00844000 rw-p 00000000 00:00 0                                  [heap]
84a00000-89d00000 rw-p 00000000 00:00 0 
89d00000-d6e00000 ---p 00000000 00:00 0 
d6e00000-d9700000 rw-p 00000000 00:00 0 
d9700000-100000000 ---p 00000000 00:00 0 
100000000-100080000 rw-p 00000000 00:00 0 
100080000-140000000 ---p 00000000 00:00 0 
7f6020000000-7f6020021000 rw-p 00000000 00:00 0 
7f6020021000-7f6024000000 ---p 00000000 00:00 0 
7f6028000000-7f6028a18000 rw-p 00000000 00:00 0 
7f6028a18000-7f602c000000 ---p 00000000 00:00 0 
7f602c000000-7f602c021000 rw-p 00000000 00:00 0 
7f602c021000-7f6030000000 ---p 00000000 00:00 0 
7f6030000000-7f60304e3000 rw-p 00000000 00:00 0 
7f60304e3000-7f6034000000 ---p 00000000 00:00 0 
7f6034000000-7f6034424000 rw-p 00000000 00:00 0 
7f6034424000-7f6038000000 ---p 00000000 00:00 0 
7f6038000000-7f6038021000 rw-p 00000000 00:00 0 
7f6038021000-7f603c000000 ---p 00000000 00:00 0 
7f603c000000-7f603c021000 rw-p 00000000 00:00 0 
7f603c021000-7f6040000000 ---p 00000000 00:00 0 
7f6040000000-7f6040021000 rw-p 00000000 00:00 0 
7f6040021000-7f6044000000 ---p 00000000 00:00 0 
7f6044000000-7f60442be000 rw-p 00000000 00:00 0 
7f60442be000-7f6048000000 ---p 00000000 00:00 0 
7f6048000000-7f6048021000 rw-p 00000000 00:00 0 
7f6048021000-7f604c000000 ---p 00000000 00:00 0 
7f604c000000-7f604c021000 rw-p 00000000 00:00 0 
7f604c021000-7f6050000000 ---p 00000000 00:00 0 
7f6050000000-7f6050021000 rw-p 00000000 00:00 0 
7f6050021000-7f6054000000 ---p 00000000 00:00 0 
7f6054000000-7f6054021000 rw-p 00000000 00:00 0 
7f6054021000-7f6058000000 ---p 00000000 00:00 0 
7f6058000000-7f6058021000 rw-p 00000000 00:00 0 
7f6058021000-7f605c000000 ---p 00000000 00:00 0 
7f6060000000-7f6060021000 rw-p 00000000 00:00 0 
7f6060021000-7f6064000000 ---p 00000000 00:00 0 
7f6064250000-7f6068000000 rw-p 00000000 00:00 0 
7f6068000000-7f6068021000 rw-p 00000000 00:00 0 
7f6068021000-7f606c000000 ---p 00000000 00:00 0 
7f606cb19000-7f606cb1a000 ---p 00000000 00:00 0 
7f606cb1a000-7f606cc1a000 rw-p 00000000 00:00 0                          [stack:19069]
7f606cc1a000-7f606cc1d000 ---p 00000000 00:00 0 
7f606cc1d000-7f606cd1b000 rw-p 00000000 00:00 0                          [stack:19068]
7f606cd1b000-7f606cd1e000 ---p 00000000 00:00 0 
7f606cd1e000-7f606ce1c000 rw-p 00000000 00:00 0                          [stack:19067]
7f606ce1c000-7f606ce1f000 ---p 00000000 00:00 0 
7f606ce1f000-7f606cf1d000 rw-p 00000000 00:00 0                          [stack:19066]
7f606cf1d000-7f606cf20000 ---p 00000000 00:00 0 
7f606cf20000-7f606d01e000 rw-p 00000000 00:00 0                          [stack:19065]
7f606d01e000-7f606d021000 ---p 00000000 00:00 0 
7f606d021000-7f606d11f000 rw-p 00000000 00:00 0                          [stack:19062]
7f606d11f000-7f606d122000 ---p 00000000 00:00 0 
7f606d122000-7f606d220000 rw-p 00000000 00:00 0                          [stack:19061]
7f606d220000-7f606d223000 ---p 00000000 00:00 0 
7f606d223000-7f606d321000 rw-p 00000000 00:00 0                          [stack:19058]
7f606d321000-7f606d325000 r-xp 00000000 08:07 21113415                   /usr/lib/jvm/java-8-oracle/jre/lib/amd64/libdt_socket.so
7f606d325000-7f606d524000 ---p 00004000 08:07 21113415                   /usr/lib/jvm/java-8-oracle/jre/lib/amd64/libdt_socket.so
7f606d524000-7f606d525000 rw-p 00003000 08:07 21113415                   /usr/lib/jvm/java-8-oracle/jre/lib/amd64/libdt_socket.so
7f606d525000-7f606d528000 ---p 00000000 00:00 0 
7f606d528000-7f606d626000 rw-p 00000000 00:00 0                          [stack:19056]
7f606d626000-7f606d629000 ---p 00000000 00:00 0 
7f606d629000-7f606d727000 rw-p 00000000 00:00 0                          [stack:19055]
7f606d727000-7f606d72a000 ---p 00000000 00:00 0 
7f606d72a000-7f606d828000 rw-p 00000000 00:00 0                          [stack:19054]
7f606d828000-7f606d829000 ---p 00000000 00:00 0 
7f606d829000-7f606e89b000 rw-p 00000000 00:00 0                          [stack:19053]
7f606e89b000-7f606ea74000 r--s 03d20000 08:07 20977723                   /usr/lib/jvm/java-8-oracle/jre/lib/rt.jar
7f606ea74000-7f606efea000 rw-p 00000000 00:00 0 
7f606efea000-7f606f2ea000 ---p 00000000 00:00 0 
7f606f2ea000-7f606f6c5000 rw-p 00000000 00:00 0 
7f606f6c5000-7f606f6c6000 ---p 00000000 00:00 0 
7f606f6c6000-7f606f7c6000 rw-p 00000000 00:00 0                          [stack:19052]
7f606f7c6000-7f606f7c7000 ---p 00000000 00:00 0 
7f606f7c7000-7f606f8c7000 rw-p 00000000 00:00 0                          [stack:19051]
7f606f8c7000-7f606f8c8000 ---p 00000000 00:00 0 
7f606f8c8000-7f606f9c8000 rw-p 00000000 00:00 0                          [stack:19050]
7f606f9c8000-7f606f9c9000 ---p 00000000 00:00 0 
7f606f9c9000-7f606faf3000 rw-p 00000000 00:00 0                          [stack:19049]
7f606faf3000-7f606fd5b000 ---p 00000000 00:00 0 
7f606fd5b000-7f606fd85000 rw-p 00000000 00:00 0 
7f606fd85000-7f606ffed000 ---p 00000000 00:00 0 
7f606ffed000-7f6070002000 rw-p 00000000 00:00 0 
7f6070002000-7f6070136000 ---p 00000000 00:00 0 
7f6070136000-7f6070141000 rw-p 00000000 00:00 0 
7f6070141000-7f60704f7000 ---p 00000000 00:00 0 
7f60704f7000-7f6070767000 rwxp 00000000 00:00 0 
7f6070767000-7f607f4f7000 ---p 00000000 00:00 0 
7f607f4f7000-7f607f511000 r-xp 00000000 08:07 21113401                   /usr/lib/jvm/java-8-oracle/jre/lib/amd64/libzip.so
7f607f511000-7f607f711000 ---p 0001a000 08:07 21113401                   /usr/lib/jvm/java-8-oracle/jre/lib/amd64/libzip.so
7f607f711000-7f607f712000 rw-p 0001a000 08:07 21113401                   /usr/lib/jvm/java-8-oracle/jre/lib/amd64/libzip.so
7f607f712000-7f607f71d000 r-xp 00000000 08:07 15863964                   /lib/x86_64-linux-gnu/libnss_files-2.19.so
7f607f71d000-7f607f91c000 ---p 0000b000 08:07 15863964                   /lib/x86_64-linux-gnu/libnss_files-2.19.so
7f607f91c000-7f607f91d000 r--p 0000a000 08:07 15863964                   /lib/x86_64-linux-gnu/libnss_files-2.19.so
7f607f91d000-7f607f91e000 rw-p 0000b000 08:07 15863964                   /lib/x86_64-linux-gnu/libnss_files-2.19.so
7f607f91e000-7f6080000000 r--p 00000000 08:07 20584980                   /usr/lib/locale/locale-archive
7f6080000000-7f6080418000 rw-p 00000000 00:00 0 
7f6080418000-7f6084000000 ---p 00000000 00:00 0 
7f6084005000-7f6084075000 rw-p 00000000 00:00 0 
7f6084075000-7f6084080000 r-xp 00000000 08:07 15863974                   /lib/x86_64-linux-gnu/libnss_nis-2.19.so
7f6084080000-7f608427f000 ---p 0000b000 08:07 15863974                   /lib/x86_64-linux-gnu/libnss_nis-2.19.so
7f608427f000-7f6084280000 r--p 0000a000 08:07 15863974                   /lib/x86_64-linux-gnu/libnss_nis-2.19.so
7f6084280000-7f6084281000 rw-p 0000b000 08:07 15863974                   /lib/x86_64-linux-gnu/libnss_nis-2.19.so
7f6084281000-7f6084298000 r-xp 00000000 08:07 15863958                   /lib/x86_64-linux-gnu/libnsl-2.19.so
7f6084298000-7f6084497000 ---p 00017000 08:07 15863958                   /lib/x86_64-linux-gnu/libnsl-2.19.so
7f6084497000-7f6084498000 r--p 00016000 08:07 15863958                   /lib/x86_64-linux-gnu/libnsl-2.19.so
7f6084498000-7f6084499000 rw-p 00017000 08:07 15863958                   /lib/x86_64-linux-gnu/libnsl-2.19.so
7f6084499000-7f608449b000 rw-p 00000000 00:00 0 
7f608449b000-7f60844a4000 r-xp 00000000 08:07 15863960                   /lib/x86_64-linux-gnu/libnss_compat-2.19.so
7f60844a4000-7f60846a3000 ---p 00009000 08:07 15863960                   /lib/x86_64-linux-gnu/libnss_compat-2.19.so
7f60846a3000-7f60846a4000 r--p 00008000 08:07 15863960                   /lib/x86_64-linux-gnu/libnss_compat-2.19.so
7f60846a4000-7f60846a5000 rw-p 00009000 08:07 15863960                   /lib/x86_64-linux-gnu/libnss_compat-2.19.so
7f60846a5000-7f60846a7000 r-xp 00000000 08:07 21113437                   /usr/lib/jvm/java-8-oracle/jre/lib/amd64/libnpt.so
7f60846a7000-7f60848a7000 ---p 00002000 08:07 21113437                   /usr/lib/jvm/java-8-oracle/jre/lib/amd64/libnpt.so
7f60848a7000-7f60848a8000 rw-p 00002000 08:07 21113437                   /usr/lib/jvm/java-8-oracle/jre/lib/amd64/libnpt.so
7f60848a8000-7f60848e1000 r-xp 00000000 08:07 21113406                   /usr/lib/jvm/java-8-oracle/jre/lib/amd64/libjdwp.so
7f60848e1000-7f6084ae0000 ---p 00039000 08:07 21113406                   /usr/lib/jvm/java-8-oracle/jre/lib/amd64/libjdwp.so
7f6084ae0000-7f6084ae2000 rw-p 00038000 08:07 21113406                   /usr/lib/jvm/java-8-oracle/jre/lib/amd64/libjdwp.so
7f6084ae2000-7f6084b0c000 r-xp 00000000 08:07 21113412                   /usr/lib/jvm/java-8-oracle/jre/lib/amd64/libjava.so
7f6084b0c000-7f6084d0c000 ---p 0002a000 08:07 21113412                   /usr/lib/jvm/java-8-oracle/jre/lib/amd64/libjava.so
7f6084d0c000-7f6084d0e000 rw-p 0002a000 08:07 21113412                   /usr/lib/jvm/java-8-oracle/jre/lib/amd64/libjava.so
7f6084d0e000-7f6084d1b000 r-xp 00000000 08:07 21113429                   /usr/lib/jvm/java-8-oracle/jre/lib/amd64/libverify.so
7f6084d1b000-7f6084f1b000 ---p 0000d000 08:07 21113429                   /usr/lib/jvm/java-8-oracle/jre/lib/amd64/libverify.so
7f6084f1b000-7f6084f1d000 rw-p 0000d000 08:07 21113429                   /usr/lib/jvm/java-8-oracle/jre/lib/amd64/libverify.so
7f6084f1d000-7f6084f24000 r-xp 00000000 08:07 15864017                   /lib/x86_64-linux-gnu/librt-2.19.so
7f6084f24000-7f6085123000 ---p 00007000 08:07 15864017                   /lib/x86_64-linux-gnu/librt-2.19.so
7f6085123000-7f6085124000 r--p 00006000 08:07 15864017                   /lib/x86_64-linux-gnu/librt-2.19.so
7f6085124000-7f6085125000 rw-p 00007000 08:07 15864017                   /lib/x86_64-linux-gnu/librt-2.19.so
7f6085125000-7f608522a000 r-xp 00000000 08:07 15863939                   /lib/x86_64-linux-gnu/libm-2.19.so
7f608522a000-7f6085429000 ---p 00105000 08:07 15863939                   /lib/x86_64-linux-gnu/libm-2.19.so
7f6085429000-7f608542a000 r--p 00104000 08:07 15863939                   /lib/x86_64-linux-gnu/libm-2.19.so
7f608542a000-7f608542b000 rw-p 00105000 08:07 15863939                   /lib/x86_64-linux-gnu/libm-2.19.so
7f608542b000-7f60860e9000 r-xp 00000000 08:07 21113424                   /usr/lib/jvm/java-8-oracle/jre/lib/amd64/server/libjvm.so
7f60860e9000-7f60862e8000 ---p 00cbe000 08:07 21113424                   /usr/lib/jvm/java-8-oracle/jre/lib/amd64/server/libjvm.so
7f60862e8000-7f60863c1000 rw-p 00cbd000 08:07 21113424                   /usr/lib/jvm/java-8-oracle/jre/lib/amd64/server/libjvm.so
7f60863c1000-7f6086405000 rw-p 00000000 00:00 0 
7f6086405000-7f60865c0000 r-xp 00000000 08:07 15863889                   /lib/x86_64-linux-gnu/libc-2.19.so
7f60865c0000-7f60867bf000 ---p 001bb000 08:07 15863889                   /lib/x86_64-linux-gnu/libc-2.19.so
7f60867bf000-7f60867c3000 r--p 001ba000 08:07 15863889                   /lib/x86_64-linux-gnu/libc-2.19.so
7f60867c3000-7f60867c5000 rw-p 001be000 08:07 15863889                   /lib/x86_64-linux-gnu/libc-2.19.so
7f60867c5000-7f60867ca000 rw-p 00000000 00:00 0 
7f60867ca000-7f60867cd000 r-xp 00000000 08:07 15863906                   /lib/x86_64-linux-gnu/libdl-2.19.so
7f60867cd000-7f60869cc000 ---p 00003000 08:07 15863906                   /lib/x86_64-linux-gnu/libdl-2.19.so
7f60869cc000-7f60869cd000 r--p 00002000 08:07 15863906                   /lib/x86_64-linux-gnu/libdl-2.19.so
7f60869cd000-7f60869ce000 rw-p 00003000 08:07 15863906                   /lib/x86_64-linux-gnu/libdl-2.19.so
7f60869ce000-7f60869e3000 r-xp 00000000 08:07 20844813                   /usr/lib/jvm/java-8-oracle/lib/amd64/jli/libjli.so
7f60869e3000-7f6086be3000 ---p 00015000 08:07 20844813                   /usr/lib/jvm/java-8-oracle/lib/amd64/jli/libjli.so
7f6086be3000-7f6086be4000 rw-p 00015000 08:07 20844813                   /usr/lib/jvm/java-8-oracle/lib/amd64/jli/libjli.so
7f6086be4000-7f6086bfd000 r-xp 00000000 08:07 15864009                   /lib/x86_64-linux-gnu/libpthread-2.19.so
7f6086bfd000-7f6086dfc000 ---p 00019000 08:07 15864009                   /lib/x86_64-linux-gnu/libpthread-2.19.so
7f6086dfc000-7f6086dfd000 r--p 00018000 08:07 15864009                   /lib/x86_64-linux-gnu/libpthread-2.19.so
7f6086dfd000-7f6086dfe000 rw-p 00019000 08:07 15864009                   /lib/x86_64-linux-gnu/libpthread-2.19.so
7f6086dfe000-7f6086e02000 rw-p 00000000 00:00 0 
7f6086e02000-7f6086e25000 r-xp 00000000 08:07 15863865                   /lib/x86_64-linux-gnu/ld-2.19.so
7f6086e30000-7f6086efb000 rw-p 00000000 00:00 0 
7f6086efb000-7f6086efe000 ---p 00000000 00:00 0 
7f6086efe000-7f6087000000 rw-p 00000000 00:00 0                          [stack:19047]
7f608700f000-7f6087012000 rw-p 00000000 00:00 0 
7f6087012000-7f6087018000 r--s 00047000 08:07 32637504                   /home/aditya/.m2/repository/org/jsoup/jsoup/1.8.3/jsoup-1.8.3.jar
7f6087018000-7f6087020000 rw-s 00000000 08:07 10617455                   /tmp/hsperfdata_aditya/19041
7f6087020000-7f6087021000 rw-p 00000000 00:00 0 
7f6087021000-7f6087022000 r--p 00000000 00:00 0 
7f6087022000-7f6087024000 rw-p 00000000 00:00 0 
7f6087024000-7f6087025000 r--p 00022000 08:07 15863865                   /lib/x86_64-linux-gnu/ld-2.19.so
7f6087025000-7f6087026000 rw-p 00023000 08:07 15863865                   /lib/x86_64-linux-gnu/ld-2.19.so
7f6087026000-7f6087027000 rw-p 00000000 00:00 0 
7ffffea9c000-7ffffeabd000 rw-p 00000000 00:00 0                          [stack]
7ffffebb0000-7ffffebb2000 r--p 00000000 00:00 0                          [vvar]
7ffffebb2000-7ffffebb4000 r-xp 00000000 00:00 0                          [vdso]
ffffffffff600000-ffffffffff601000 r-xp 00000000 00:00 0                  [vsyscall]

VM Arguments:
jvm_args: -agentlib:jdwp=transport=dt_socket,suspend=y,address=localhost:45061 -Dfile.encoding=UTF-8 
java_command: pso.MatchParser
java_class_path (initial): /home/aditya/workspace/data-transformations/weltfussball-crawler/target/classes:/home/aditya/.m2/repository/org/jsoup/jsoup/1.8.3/jsoup-1.8.3.jar:/home/aditya/.m2/repository/commons-io/commons-io/2.4/commons-io-2.4.jar:/home/aditya/.m2/repository/net/sf/opencsv/opencsv/2.3/opencsv-2.3.jar
Launcher Type: SUN_STANDARD

Environment Variables:
PATH=/usr/local/sbin:/usr/local/bin:/usr/sbin:/usr/bin:/sbin:/bin:/usr/games:/usr/local/games
SHELL=/bin/bash
DISPLAY=:0.0

Signal Handlers:
SIGSEGV: [libjvm.so+0xaba2a0], sa_mask[0]=11111111011111111101111111111110, sa_flags=SA_RESTART|SA_SIGINFO
SIGBUS: [libjvm.so+0xaba2a0], sa_mask[0]=11111111011111111101111111111110, sa_flags=SA_RESTART|SA_SIGINFO
SIGFPE: [libjvm.so+0x917710], sa_mask[0]=11111111011111111101111111111110, sa_flags=SA_RESTART|SA_SIGINFO
SIGPIPE: [libjvm.so+0x917710], sa_mask[0]=11111111011111111101111111111110, sa_flags=SA_RESTART|SA_SIGINFO
SIGXFSZ: [libjvm.so+0x917710], sa_mask[0]=11111111011111111101111111111110, sa_flags=SA_RESTART|SA_SIGINFO
SIGILL: [libjvm.so+0x917710], sa_mask[0]=11111111011111111101111111111110, sa_flags=SA_RESTART|SA_SIGINFO
SIGUSR1: SIG_DFL, sa_mask[0]=00000000000000000000000000000000, sa_flags=none
SIGUSR2: [libjvm.so+0x918d40], sa_mask[0]=00100000000000000000000000000000, sa_flags=SA_RESTART|SA_SIGINFO
SIGHUP: [libjvm.so+0x91a140], sa_mask[0]=11111111011111111101111111111110, sa_flags=SA_RESTART|SA_SIGINFO
SIGINT: [libjvm.so+0x91a140], sa_mask[0]=11111111011111111101111111111110, sa_flags=SA_RESTART|SA_SIGINFO
SIGTERM: [libjvm.so+0x91a140], sa_mask[0]=11111111011111111101111111111110, sa_flags=SA_RESTART|SA_SIGINFO
SIGQUIT: [libjvm.so+0x91a140], sa_mask[0]=11111111011111111101111111111110, sa_flags=SA_RESTART|SA_SIGINFO


---------------  S Y S T E M  ---------------

OS:DISTRIB_ID=Ubuntu
DISTRIB_RELEASE=14.04
DISTRIB_CODENAME=trusty
DISTRIB_DESCRIPTION="Ubuntu 14.04.3 LTS"

uname:Linux 3.19.0-33-generic #38~14.04.1-Ubuntu SMP Fri Nov 6 18:17:28 UTC 2015 x86_64
libc:glibc 2.19 NPTL 2.19 
rlimit: STACK 8192k, CORE 0k, NPROC 30302, NOFILE 4096, AS infinity
load average:0.61 0.41 0.47

/proc/meminfo:
MemTotal:        8084532 kB
MemFree:          127012 kB
MemAvailable:     710752 kB
Buffers:           24292 kB
Cached:          1522976 kB
SwapCached:       138252 kB
Active:          5935688 kB
Inactive:        1623780 kB
Active(anon):    5609556 kB
Inactive(anon):  1295672 kB
Active(file):     326132 kB
Inactive(file):   328108 kB
Unevictable:         168 kB
Mlocked:             168 kB
SwapTotal:       8297468 kB
SwapFree:        4369632 kB
Dirty:               152 kB
Writeback:            12 kB
AnonPages:       5988372 kB
Mapped:           736396 kB
Shmem:            893028 kB
Slab:             230716 kB
SReclaimable:     182916 kB
SUnreclaim:        47800 kB
KernelStack:       14240 kB
PageTables:        77888 kB
NFS_Unstable:          0 kB
Bounce:                0 kB
WritebackTmp:          0 kB
CommitLimit:    12339732 kB
Committed_AS:   18610312 kB
VmallocTotal:   34359738367 kB
VmallocUsed:      387340 kB
VmallocChunk:   34359169916 kB
HardwareCorrupted:     0 kB
AnonHugePages:   1056768 kB
CmaTotal:              0 kB
CmaFree:               0 kB
HugePages_Total:       0
HugePages_Free:        0
HugePages_Rsvd:        0
HugePages_Surp:        0
Hugepagesize:       2048 kB
DirectMap4k:      201556 kB
DirectMap2M:     7047168 kB
DirectMap1G:     1048576 kB


CPU:total 4 (2 cores per cpu, 2 threads per core) family 6 model 61 stepping 4, cmov, cx8, fxsr, mmx, sse, sse2, sse3, ssse3, sse4.1, sse4.2, popcnt, avx, avx2, aes, clmul, erms, 3dnowpref, lzcnt, ht, tsc, tscinvbit, bmi1, bmi2, adx

/proc/cpuinfo:
processor	: 0
vendor_id	: GenuineIntel
cpu family	: 6
model		: 61
model name	: Intel(R) Core(TM) i7-5500U CPU @ 2.40GHz
stepping	: 4
microcode	: 0x21
cpu MHz		: 2899.968
cache size	: 4096 KB
physical id	: 0
siblings	: 4
core id		: 0
cpu cores	: 2
apicid		: 0
initial apicid	: 0
fpu		: yes
fpu_exception	: yes
cpuid level	: 20
wp		: yes
flags		: fpu vme de pse tsc msr pae mce cx8 apic sep mtrr pge mca cmov pat pse36 clflush dts acpi mmx fxsr sse sse2 ss ht tm pbe syscall nx pdpe1gb rdtscp lm constant_tsc arch_perfmon pebs bts rep_good nopl xtopology nonstop_tsc aperfmperf eagerfpu pni pclmulqdq dtes64 monitor ds_cpl vmx est tm2 ssse3 fma cx16 xtpr pdcm pcid sse4_1 sse4_2 x2apic movbe popcnt tsc_deadline_timer aes xsave avx f16c rdrand lahf_lm abm 3dnowprefetch ida arat epb pln pts dtherm tpr_shadow vnmi flexpriority ept vpid fsgsbase tsc_adjust bmi1 avx2 smep bmi2 erms invpcid rdseed adx smap xsaveopt
bugs		:
bogomips	: 4788.71
clflush size	: 64
cache_alignment	: 64
address sizes	: 39 bits physical, 48 bits virtual
power management:

processor	: 1
vendor_id	: GenuineIntel
cpu family	: 6
model		: 61
model name	: Intel(R) Core(TM) i7-5500U CPU @ 2.40GHz
stepping	: 4
microcode	: 0x21
cpu MHz		: 2899.968
cache size	: 4096 KB
physical id	: 0
siblings	: 4
core id		: 1
cpu cores	: 2
apicid		: 2
initial apicid	: 2
fpu		: yes
fpu_exception	: yes
cpuid level	: 20
wp		: yes
flags		: fpu vme de pse tsc msr pae mce cx8 apic sep mtrr pge mca cmov pat pse36 clflush dts acpi mmx fxsr sse sse2 ss ht tm pbe syscall nx pdpe1gb rdtscp lm constant_tsc arch_perfmon pebs bts rep_good nopl xtopology nonstop_tsc aperfmperf eagerfpu pni pclmulqdq dtes64 monitor ds_cpl vmx est tm2 ssse3 fma cx16 xtpr pdcm pcid sse4_1 sse4_2 x2apic movbe popcnt tsc_deadline_timer aes xsave avx f16c rdrand lahf_lm abm 3dnowprefetch ida arat epb pln pts dtherm tpr_shadow vnmi flexpriority ept vpid fsgsbase tsc_adjust bmi1 avx2 smep bmi2 erms invpcid rdseed adx smap xsaveopt
bugs		:
bogomips	: 4788.71
clflush size	: 64
cache_alignment	: 64
address sizes	: 39 bits physical, 48 bits virtual
power management:

processor	: 2
vendor_id	: GenuineIntel
cpu family	: 6
model		: 61
model name	: Intel(R) Core(TM) i7-5500U CPU @ 2.40GHz
stepping	: 4
microcode	: 0x21
cpu MHz		: 2899.968
cache size	: 4096 KB
physical id	: 0
siblings	: 4
core id		: 0
cpu cores	: 2
apicid		: 1
initial apicid	: 1
fpu		: yes
fpu_exception	: yes
cpuid level	: 20
wp		: yes
flags		: fpu vme de pse tsc msr pae mce cx8 apic sep mtrr pge mca cmov pat pse36 clflush dts acpi mmx fxsr sse sse2 ss ht tm pbe syscall nx pdpe1gb rdtscp lm constant_tsc arch_perfmon pebs bts rep_good nopl xtopology nonstop_tsc aperfmperf eagerfpu pni pclmulqdq dtes64 monitor ds_cpl vmx est tm2 ssse3 fma cx16 xtpr pdcm pcid sse4_1 sse4_2 x2apic movbe popcnt tsc_deadline_timer aes xsave avx f16c rdrand lahf_lm abm 3dnowprefetch ida arat epb pln pts dtherm tpr_shadow vnmi flexpriority ept vpid fsgsbase tsc_adjust bmi1 avx2 smep bmi2 erms invpcid rdseed adx smap xsaveopt
bugs		:
bogomips	: 4788.71
clflush size	: 64
cache_alignment	: 64
address sizes	: 39 bits physical, 48 bits virtual
power management:

processor	: 3
vendor_id	: GenuineIntel
cpu family	: 6
model		: 61
model name	: Intel(R) Core(TM) i7-5500U CPU @ 2.40GHz
stepping	: 4
microcode	: 0x21
cpu MHz		: 2899.968
cache size	: 4096 KB
physical id	: 0
siblings	: 4
core id		: 1
cpu cores	: 2
apicid		: 3
initial apicid	: 3
fpu		: yes
fpu_exception	: yes
cpuid level	: 20
wp		: yes
flags		: fpu vme de pse tsc msr pae mce cx8 apic sep mtrr pge mca cmov pat pse36 clflush dts acpi mmx fxsr sse sse2 ss ht tm pbe syscall nx pdpe1gb rdtscp lm constant_tsc arch_perfmon pebs bts rep_good nopl xtopology nonstop_tsc aperfmperf eagerfpu pni pclmulqdq dtes64 monitor ds_cpl vmx est tm2 ssse3 fma cx16 xtpr pdcm pcid sse4_1 sse4_2 x2apic movbe popcnt tsc_deadline_timer aes xsave avx f16c rdrand lahf_lm abm 3dnowprefetch ida arat epb pln pts dtherm tpr_shadow vnmi flexpriority ept vpid fsgsbase tsc_adjust bmi1 avx2 smep bmi2 erms invpcid rdseed adx smap xsaveopt
bugs		:
bogomips	: 4788.71
clflush size	: 64
cache_alignment	: 64
address sizes	: 39 bits physical, 48 bits virtual
power management:



Memory: 4k page, physical 8084532k(127012k free), swap 8297468k(4369632k free)

vm_info: Java HotSpot(TM) 64-Bit Server VM (25.66-b17) for linux-amd64 JRE (1.8.0_66-b17), built on Oct  6 2015 17:28:34 by "java_re" with gcc 4.3.0 20080428 (Red Hat 4.3.0-8)

time: Mon Jul 18 18:11:41 2016
elapsed time: 572 seconds (0d 0h 9m 32s)

