#
# A fatal error has been detected by the Java Runtime Environment:
#
#  SIGSEGV (0xb) at pc=0x00007f0d79279800, pid=7903, tid=139695431063296
#
# JRE version: Java(TM) SE Runtime Environment (8.0_66-b17) (build 1.8.0_66-b17)
# Java VM: Java HotSpot(TM) 64-Bit Server VM (25.66-b17 mixed mode linux-amd64 compressed oops)
# Problematic frame:
# V  [libjvm.so+0x8a5800]  Method::checked_resolve_jmethod_id(_jmethodID*)+0x20
#
# Failed to write core dump. Core dumps have been disabled. To enable core dumping, try "ulimit -c unlimited" before starting Java again
#
# If you would like to submit a bug report, please visit:
#   http://bugreport.java.com/bugreport/crash.jsp
#

---------------  T H R E A D  ---------------

Current thread (0x00007f0d740c4000):  JavaThread "JDWP Transport Listener: dt_socket" daemon [_thread_in_vm, id=7919, stack(0x00007f0d607b9000,0x00007f0d608ba000)]

siginfo: si_signo: 11 (SIGSEGV), si_code: 128 (SI_KERNEL), si_addr: 0x0000000000000000

Registers:
RAX=0x0000000000000001, RBX=0x00007f0d74003520, RCX=0x00007f0d7a3a6320, RDX=0x00007f0d79983560
RSP=0x00007f0d608b8690, RBP=0x00007f0d608b86a0, RSI=0x00007f0d740c4000, RDI=0x6d656c4564657400
R8 =0x0000000000000000, R9 =0x00007f0d3c015260, R10=0x0000000000000010, R11=0x00007f0d79b35a30
R12=0x0000000000000017, R13=0x6d656c4564657400, R14=0x00007f0d740c4000, R15=0x00007f0d608b87a7
RIP=0x00007f0d79279800, EFLAGS=0x0000000000010206, CSGSFS=0x0000000000000033, ERR=0x0000000000000000
  TRAPNO=0x000000000000000d

Top of Stack: (sp=0x00007f0d608b8690)
0x00007f0d608b8690:   0000000000000074 00007f0d74003520
0x00007f0d608b86a0:   00007f0d608b8710 00007f0d7910a2de
0x00007f0d608b86b0:   0000000000000073 00007f0d608b86c0
0x00007f0d608b86c0:   00007f0d740c4000 0000000000000000
0x00007f0d608b86d0:   00007f0d00000000 0000000000000000
0x00007f0d608b86e0:   00007f0d608b8700 00007f0d73fffe40
0x00007f0d608b86f0:   6d656c4564657400 00007f0d608b87a7
0x00007f0d608b8700:   0000000000000003 00007f0d608b87a7
0x00007f0d608b8710:   00007f0d608b8740 00007f0d73deb8c2
0x00007f0d608b8720:   00007f0d608b8740 6d656c4564657400
0x00007f0d608b8730:   00007f0d608b8810 0000000000000018
0x00007f0d608b8740:   00007f0d608b87d0 00007f0d73dccaa0
0x00007f0d608b8750:   00007f0d608b8788 00007f0d608b8780
0x00007f0d608b8760:   00007f0d608b8778 00007f0d608b879c
0x00007f0d608b8770:   000000013c012bd0 0000000000000000
0x00007f0d608b8780:   0000000000000000 0000000000000000
0x00007f0d608b8790:   00007f0d3c015230 00000001608b8810
0x00007f0d608b87a0:   0000000000000004 0000000000000002
0x00007f0d608b87b0:   000000000000000f 0000000000000002
0x00007f0d608b87c0:   00000000000f0200 000000000000000f
0x00007f0d608b87d0:   00007f0d608b8a20 00007f0d73dd79c6
0x00007f0d608b87e0:   0000243900000013 00007f0d790f0200
0x00007f0d608b87f0:   00007f0d34000ba0 00007f0d73fffe40
0x00007f0d608b8800:   00007f0d608b8810 00007f0d608b89a0
0x00007f0d608b8810:   00007f0d608b88e9 00007f0d000000a3
0x00007f0d608b8820:   00007f0d608b8828 0000000000000089
0x00007f0d608b8830:   00007f0d608b8860 0000000000000000
0x00007f0d608b8840:   00007f0000000000 000024390000001c
0x00007f0d608b8850:   00007f0d00008980 00007f0d608b8860
0x00007f0d608b8860:   0d7f000004000000 050000007039003c
0x00007f0d608b8870:   0000006573726170 2f6176616a4c2815
0x00007f0d608b8880:   7274532f676e616c 000056293b676e69 

Instructions: (pc=0x00007f0d79279800)
0x00007f0d792797e0:   55 48 89 e5 53 48 83 ec 08 48 85 ff 75 12 31 db
0x00007f0d792797f0:   48 89 d8 48 83 c4 08 5b c9 c3 66 0f 1f 44 00 00
0x00007f0d79279800:   48 8b 1f 48 85 db 74 e6 48 83 fb 37 74 e0 48 8b
0x00007f0d79279810:   03 48 89 df ff 50 10 84 c0 0f 1f 80 00 00 00 00 

Register to memory mapping:

RAX=0x0000000000000001 is an unknown value
RBX=0x00007f0d74003520 is an unknown value
RCX=0x00007f0d7a3a6320: <offset 0x219320> in /lib/x86_64-linux-gnu/libpthread.so.0 at 0x00007f0d7a18d000
RDX=0x00007f0d79983560: <offset 0xfaf560> in /usr/lib/jvm/java-8-oracle/jre/lib/amd64/server/libjvm.so at 0x00007f0d789d4000
RSP=0x00007f0d608b8690 is pointing into the stack for thread: 0x00007f0d740c4000
RBP=0x00007f0d608b86a0 is pointing into the stack for thread: 0x00007f0d740c4000
RSI=0x00007f0d740c4000 is a thread
RDI=0x6d656c4564657400 is an unknown value
R8 =0x0000000000000000 is an unknown value
R9 =0x00007f0d3c015260 is an unknown value
R10=0x0000000000000010 is an unknown value
R11=0x00007f0d79b35a30: <offset 0x187a30> in /lib/x86_64-linux-gnu/libc.so.6 at 0x00007f0d799ae000
R12=0x0000000000000017 is an unknown value
R13=0x6d656c4564657400 is an unknown value
R14=0x00007f0d740c4000 is a thread
R15=0x00007f0d608b87a7 is pointing into the stack for thread: 0x00007f0d740c4000


Stack: [0x00007f0d607b9000,0x00007f0d608ba000],  sp=0x00007f0d608b8690,  free space=1021k
Native frames: (J=compiled Java code, j=interpreted, Vv=VM code, C=native code)
V  [libjvm.so+0x8a5800]  Method::checked_resolve_jmethod_id(_jmethodID*)+0x20
V  [libjvm.so+0x7362de]  jvmti_IsMethodSynthetic+0x2be
C  [libjdwp.so+0x258c2]  isMethodSynthetic+0x42
C  [libjdwp.so+0x6aa0]  methods1+0x1b0
C  [libjdwp.so+0x119c6]  debugLoop_run+0x2b6
C  [libjdwp.so+0x247ff]  attachThread+0x2f
V  [libjvm.so+0x7a2a62]  JvmtiAgentThread::call_start_function()+0xc2
V  [libjvm.so+0xa68fff]  JavaThread::thread_main_inner()+0xdf
V  [libjvm.so+0xa6912c]  JavaThread::run()+0x11c
V  [libjvm.so+0x91cc68]  java_start(Thread*)+0x108
C  [libpthread.so.0+0x8182]  start_thread+0xc2


---------------  P R O C E S S  ---------------

Java Threads: ( => current thread )
  0x00007f0d740dc000 JavaThread "Service Thread" daemon [_thread_blocked, id=7930, stack(0x00007f0d601b3000,0x00007f0d602b4000)]
  0x00007f0d740ce800 JavaThread "C1 CompilerThread2" daemon [_thread_blocked, id=7929, stack(0x00007f0d602b4000,0x00007f0d603b5000)]
  0x00007f0d740cd000 JavaThread "C2 CompilerThread1" daemon [_thread_blocked, id=7928, stack(0x00007f0d603b5000,0x00007f0d604b6000)]
  0x00007f0d740ca000 JavaThread "C2 CompilerThread0" daemon [_thread_blocked, id=7927, stack(0x00007f0d604b6000,0x00007f0d605b7000)]
  0x00007f0d3c001000 JavaThread "JDWP Command Reader" daemon [_thread_in_native, id=7922, stack(0x00007f0d605b7000,0x00007f0d606b8000)]
  0x00007f0d740c7800 JavaThread "JDWP Event Helper Thread" daemon [_thread_blocked, id=7921, stack(0x00007f0d606b8000,0x00007f0d607b9000)]
=>0x00007f0d740c4000 JavaThread "JDWP Transport Listener: dt_socket" daemon [_thread_in_vm, id=7919, stack(0x00007f0d607b9000,0x00007f0d608ba000)]
  0x00007f0d740b8000 JavaThread "Signal Dispatcher" daemon [_thread_blocked, id=7917, stack(0x00007f0d60abe000,0x00007f0d60bbf000)]
  0x00007f0d74081000 JavaThread "Finalizer" daemon [_thread_blocked, id=7916, stack(0x00007f0d60bbf000,0x00007f0d60cc0000)]
  0x00007f0d7407f000 JavaThread "Reference Handler" daemon [_thread_blocked, id=7915, stack(0x00007f0d60cc0000,0x00007f0d60dc1000)]
  0x00007f0d7400c000 JavaThread "main" [_thread_blocked, id=7908, stack(0x00007f0d7a4a4000,0x00007f0d7a5a5000)]

Other Threads:
  0x00007f0d7407a000 VMThread [stack: 0x00007f0d60dc1000,0x00007f0d60ec2000] [id=7914]
  0x00007f0d740df000 WatcherThread [stack: 0x00007f0d600b2000,0x00007f0d601b3000] [id=7931]

VM state:not at safepoint (normal execution)

VM Mutex/Monitor currently owned by a thread: None

Heap:
 PSYoungGen      total 36864K, used 7971K [0x00000000d6e00000, 0x00000000d9700000, 0x0000000100000000)
  eden space 31744K, 25% used [0x00000000d6e00000,0x00000000d75c8d80,0x00000000d8d00000)
  from space 5120K, 0% used [0x00000000d9200000,0x00000000d9200000,0x00000000d9700000)
  to   space 5120K, 0% used [0x00000000d8d00000,0x00000000d8d00000,0x00000000d9200000)
 ParOldGen       total 84992K, used 0K [0x0000000084a00000, 0x0000000089d00000, 0x00000000d6e00000)
  object space 84992K, 0% used [0x0000000084a00000,0x0000000084a00000,0x0000000089d00000)
 Metaspace       used 3981K, capacity 5336K, committed 5504K, reserved 1056768K
  class space    used 439K, capacity 520K, committed 640K, reserved 1048576K

Card table byte_map: [0x00007f0d632ee000,0x00007f0d636ca000] byte_map_base: 0x00007f0d62ec9000

Marking Bits: (ParMarkBitMap*) 0x00007f0d79983020
 Begin Bits: [0x00007f0d50250000, 0x00007f0d52128000)
 End Bits:   [0x00007f0d52128000, 0x00007f0d54000000)

Polling page: 0x00007f0d7a5ca000

CodeCache: size=245760Kb used=2237Kb max_used=2248Kb free=243522Kb
 bounds [0x00007f0d63a8a000, 0x00007f0d63cfa000, 0x00007f0d72a8a000]
 total_blobs=560 nmethods=335 adapters=147
 compilation: enabled

Compilation events (10 events):
Event: 11.410 Thread 0x00007f0d740ce800  330       3       java.lang.String::codePointAt (36 bytes)
Event: 11.410 Thread 0x00007f0d740ce800 nmethod 330 0x00007f0d63cba7d0 code [0x00007f0d63cba960, 0x00007f0d63cbabf8]
Event: 27.743 Thread 0x00007f0d740ce800  332       3       org.jsoup.nodes.Entities::canEncode (57 bytes)
Event: 27.744 Thread 0x00007f0d740ce800 nmethod 332 0x00007f0d63cba150 code [0x00007f0d63cba2e0, 0x00007f0d63cba648]
Event: 27.744 Thread 0x00007f0d740ce800  334       3       org.jsoup.nodes.Element::tagName (8 bytes)
Event: 27.744 Thread 0x00007f0d740ce800 nmethod 334 0x00007f0d63cb9dd0 code [0x00007f0d63cb9f40, 0x00007f0d63cba0b0]
Event: 27.744 Thread 0x00007f0d740ce800  333       3       org.jsoup.nodes.Node::ownerDocument (29 bytes)
Event: 27.744 Thread 0x00007f0d740ce800 nmethod 333 0x00007f0d63cb92d0 code [0x00007f0d63cb9480, 0x00007f0d63cb9c68]
Event: 84.175 Thread 0x00007f0d740ca000  335       4       org.jsoup.helper.StringUtil::isWhitespace (36 bytes)
Event: 84.176 Thread 0x00007f0d740ca000 nmethod 335 0x00007f0d63cb0510 code [0x00007f0d63cb0660, 0x00007f0d63cb06d8]

GC Heap History (0 events):
No events

Deoptimization events (2 events):
Event: 2.011 Thread 0x00007f0d7400c000 Uncommon trap: reason=unstable_if action=reinterpret pc=0x00007f0d63bfb7e0 method=java.lang.String.<init>([CII)V @ 18
Event: 2.090 Thread 0x00007f0d7400c000 Uncommon trap: reason=unstable_if action=reinterpret pc=0x00007f0d63bd9220 method=java.lang.String.indexOf(II)I @ 49

Internal exceptions (6 events):
Event: 0.024 Thread 0x00007f0d7400c000 Exception <a 'java/lang/NoSuchMethodError': Method sun.misc.Unsafe.defineClass(Ljava/lang/String;[BII)Ljava/lang/Class; name or signature does not match> (0x00000000d6e12b98) thrown at [/HUDSON/workspace/8-2-build-linux-amd64/jdk8u66/4988/hotspot/src/shar
Event: 0.024 Thread 0x00007f0d7400c000 Exception <a 'java/lang/NoSuchMethodError': Method sun.misc.Unsafe.prefetchRead(Ljava/lang/Object;J)V name or signature does not match> (0x00000000d6e12e80) thrown at [/HUDSON/workspace/8-2-build-linux-amd64/jdk8u66/4988/hotspot/src/share/vm/prims/jni.cpp
Event: 1.955 Thread 0x00007f0d7400c000 Exception <a 'java/security/PrivilegedActionException'> (0x00000000d724eca8) thrown at [/HUDSON/workspace/8-2-build-linux-amd64/jdk8u66/4988/hotspot/src/share/vm/prims/jvm.cpp, line 1386]
Event: 1.955 Thread 0x00007f0d7400c000 Exception <a 'java/security/PrivilegedActionException'> (0x00000000d724eeb8) thrown at [/HUDSON/workspace/8-2-build-linux-amd64/jdk8u66/4988/hotspot/src/share/vm/prims/jvm.cpp, line 1386]
Event: 1.955 Thread 0x00007f0d7400c000 Exception <a 'java/security/PrivilegedActionException'> (0x00000000d72514e0) thrown at [/HUDSON/workspace/8-2-build-linux-amd64/jdk8u66/4988/hotspot/src/share/vm/prims/jvm.cpp, line 1386]
Event: 1.955 Thread 0x00007f0d7400c000 Exception <a 'java/security/PrivilegedActionException'> (0x00000000d72516f0) thrown at [/HUDSON/workspace/8-2-build-linux-amd64/jdk8u66/4988/hotspot/src/share/vm/prims/jvm.cpp, line 1386]

Events (10 events):
Event: 366.941 Executing VM operation: GetCurrentLocation
Event: 366.941 Executing VM operation: GetCurrentLocation done
Event: 366.941 Executing VM operation: EnterInterpOnlyMode
Event: 366.941 Executing VM operation: EnterInterpOnlyMode done
Event: 366.941 Executing VM operation: ChangeSingleStep
Event: 366.941 Executing VM operation: ChangeSingleStep done
Event: 366.941 Executing VM operation: ChangeSingleStep
Event: 366.941 Executing VM operation: ChangeSingleStep done
Event: 366.945 Executing VM operation: RedefineClasses
Event: 366.958 Executing VM operation: RedefineClasses done


Dynamic libraries:
00400000-00401000 r-xp 00000000 08:07 20718080                           /usr/lib/jvm/java-8-oracle/bin/java
00600000-00601000 rw-p 00000000 08:07 20718080                           /usr/lib/jvm/java-8-oracle/bin/java
00ef1000-00f12000 rw-p 00000000 00:00 0                                  [heap]
84a00000-89d00000 rw-p 00000000 00:00 0 
89d00000-d6e00000 ---p 00000000 00:00 0 
d6e00000-d9700000 rw-p 00000000 00:00 0 
d9700000-100000000 ---p 00000000 00:00 0 
100000000-1000a0000 rw-p 00000000 00:00 0 
1000a0000-140000000 ---p 00000000 00:00 0 
7f0d18000000-7f0d18021000 rw-p 00000000 00:00 0 
7f0d18021000-7f0d1c000000 ---p 00000000 00:00 0 
7f0d20000000-7f0d20aaa000 rw-p 00000000 00:00 0 
7f0d20aaa000-7f0d24000000 ---p 00000000 00:00 0 
7f0d24000000-7f0d24021000 rw-p 00000000 00:00 0 
7f0d24021000-7f0d28000000 ---p 00000000 00:00 0 
7f0d28000000-7f0d2844c000 rw-p 00000000 00:00 0 
7f0d2844c000-7f0d2c000000 ---p 00000000 00:00 0 
7f0d2c000000-7f0d2c489000 rw-p 00000000 00:00 0 
7f0d2c489000-7f0d30000000 ---p 00000000 00:00 0 
7f0d30000000-7f0d30021000 rw-p 00000000 00:00 0 
7f0d30021000-7f0d34000000 ---p 00000000 00:00 0 
7f0d34000000-7f0d34021000 rw-p 00000000 00:00 0 
7f0d34021000-7f0d38000000 ---p 00000000 00:00 0 
7f0d38000000-7f0d38021000 rw-p 00000000 00:00 0 
7f0d38021000-7f0d3c000000 ---p 00000000 00:00 0 
7f0d3c000000-7f0d3c2c7000 rw-p 00000000 00:00 0 
7f0d3c2c7000-7f0d40000000 ---p 00000000 00:00 0 
7f0d40000000-7f0d40021000 rw-p 00000000 00:00 0 
7f0d40021000-7f0d44000000 ---p 00000000 00:00 0 
7f0d44000000-7f0d44021000 rw-p 00000000 00:00 0 
7f0d44021000-7f0d48000000 ---p 00000000 00:00 0 
7f0d48000000-7f0d48021000 rw-p 00000000 00:00 0 
7f0d48021000-7f0d4c000000 ---p 00000000 00:00 0 
7f0d4c000000-7f0d4c021000 rw-p 00000000 00:00 0 
7f0d4c021000-7f0d50000000 ---p 00000000 00:00 0 
7f0d50250000-7f0d54000000 rw-p 00000000 00:00 0 
7f0d54000000-7f0d54021000 rw-p 00000000 00:00 0 
7f0d54021000-7f0d58000000 ---p 00000000 00:00 0 
7f0d58000000-7f0d58021000 rw-p 00000000 00:00 0 
7f0d58021000-7f0d5c000000 ---p 00000000 00:00 0 
7f0d5c000000-7f0d5c021000 rw-p 00000000 00:00 0 
7f0d5c021000-7f0d60000000 ---p 00000000 00:00 0 
7f0d600b2000-7f0d600b3000 ---p 00000000 00:00 0 
7f0d600b3000-7f0d601b3000 rw-p 00000000 00:00 0                          [stack:7931]
7f0d601b3000-7f0d601b6000 ---p 00000000 00:00 0 
7f0d601b6000-7f0d602b4000 rw-p 00000000 00:00 0                          [stack:7930]
7f0d602b4000-7f0d602b7000 ---p 00000000 00:00 0 
7f0d602b7000-7f0d603b5000 rw-p 00000000 00:00 0                          [stack:7929]
7f0d603b5000-7f0d603b8000 ---p 00000000 00:00 0 
7f0d603b8000-7f0d604b6000 rw-p 00000000 00:00 0                          [stack:7928]
7f0d604b6000-7f0d604b9000 ---p 00000000 00:00 0 
7f0d604b9000-7f0d605b7000 rw-p 00000000 00:00 0                          [stack:7927]
7f0d605b7000-7f0d605ba000 ---p 00000000 00:00 0 
7f0d605ba000-7f0d606b8000 rw-p 00000000 00:00 0                          [stack:7922]
7f0d606b8000-7f0d606bb000 ---p 00000000 00:00 0 
7f0d606bb000-7f0d607b9000 rw-p 00000000 00:00 0                          [stack:7921]
7f0d607b9000-7f0d607bc000 ---p 00000000 00:00 0 
7f0d607bc000-7f0d608ba000 rw-p 00000000 00:00 0                          [stack:7919]
7f0d608ba000-7f0d608be000 r-xp 00000000 08:07 21113415                   /usr/lib/jvm/java-8-oracle/jre/lib/amd64/libdt_socket.so
7f0d608be000-7f0d60abd000 ---p 00004000 08:07 21113415                   /usr/lib/jvm/java-8-oracle/jre/lib/amd64/libdt_socket.so
7f0d60abd000-7f0d60abe000 rw-p 00003000 08:07 21113415                   /usr/lib/jvm/java-8-oracle/jre/lib/amd64/libdt_socket.so
7f0d60abe000-7f0d60ac1000 ---p 00000000 00:00 0 
7f0d60ac1000-7f0d60bbf000 rw-p 00000000 00:00 0                          [stack:7917]
7f0d60bbf000-7f0d60bc2000 ---p 00000000 00:00 0 
7f0d60bc2000-7f0d60cc0000 rw-p 00000000 00:00 0                          [stack:7916]
7f0d60cc0000-7f0d60cc3000 ---p 00000000 00:00 0 
7f0d60cc3000-7f0d60dc1000 rw-p 00000000 00:00 0                          [stack:7915]
7f0d60dc1000-7f0d60dc2000 ---p 00000000 00:00 0 
7f0d60dc2000-7f0d61ea4000 rw-p 00000000 00:00 0                          [stack:7914]
7f0d61ea4000-7f0d6207d000 r--s 03d20000 08:07 20977723                   /usr/lib/jvm/java-8-oracle/jre/lib/rt.jar
7f0d6207d000-7f0d6253d000 rw-p 00000000 00:00 0 
7f0d6253d000-7f0d6287d000 ---p 00000000 00:00 0 
7f0d6287d000-7f0d62c58000 rw-p 00000000 00:00 0 
7f0d62c58000-7f0d62c59000 ---p 00000000 00:00 0 
7f0d62c59000-7f0d62d59000 rw-p 00000000 00:00 0                          [stack:7913]
7f0d62d59000-7f0d62d5a000 ---p 00000000 00:00 0 
7f0d62d5a000-7f0d62e5a000 rw-p 00000000 00:00 0                          [stack:7912]
7f0d62e5a000-7f0d62e5b000 ---p 00000000 00:00 0 
7f0d62e5b000-7f0d62f5b000 rw-p 00000000 00:00 0                          [stack:7911]
7f0d62f5b000-7f0d62f5c000 ---p 00000000 00:00 0 
7f0d62f5c000-7f0d63086000 rw-p 00000000 00:00 0                          [stack:7910]
7f0d63086000-7f0d632ee000 ---p 00000000 00:00 0 
7f0d632ee000-7f0d63318000 rw-p 00000000 00:00 0 
7f0d63318000-7f0d63580000 ---p 00000000 00:00 0 
7f0d63580000-7f0d63595000 rw-p 00000000 00:00 0 
7f0d63595000-7f0d636c9000 ---p 00000000 00:00 0 
7f0d636c9000-7f0d636d4000 rw-p 00000000 00:00 0 
7f0d636d4000-7f0d63a8a000 ---p 00000000 00:00 0 
7f0d63a8a000-7f0d63cfa000 rwxp 00000000 00:00 0 
7f0d63cfa000-7f0d72a8a000 ---p 00000000 00:00 0 
7f0d72a8a000-7f0d72aa4000 r-xp 00000000 08:07 21113401                   /usr/lib/jvm/java-8-oracle/jre/lib/amd64/libzip.so
7f0d72aa4000-7f0d72ca4000 ---p 0001a000 08:07 21113401                   /usr/lib/jvm/java-8-oracle/jre/lib/amd64/libzip.so
7f0d72ca4000-7f0d72ca5000 rw-p 0001a000 08:07 21113401                   /usr/lib/jvm/java-8-oracle/jre/lib/amd64/libzip.so
7f0d72ca5000-7f0d72cb0000 r-xp 00000000 08:07 15863964                   /lib/x86_64-linux-gnu/libnss_files-2.19.so
7f0d72cb0000-7f0d72eaf000 ---p 0000b000 08:07 15863964                   /lib/x86_64-linux-gnu/libnss_files-2.19.so
7f0d72eaf000-7f0d72eb0000 r--p 0000a000 08:07 15863964                   /lib/x86_64-linux-gnu/libnss_files-2.19.so
7f0d72eb0000-7f0d72eb1000 rw-p 0000b000 08:07 15863964                   /lib/x86_64-linux-gnu/libnss_files-2.19.so
7f0d72eb1000-7f0d72ebc000 r-xp 00000000 08:07 15863974                   /lib/x86_64-linux-gnu/libnss_nis-2.19.so
7f0d72ebc000-7f0d730bb000 ---p 0000b000 08:07 15863974                   /lib/x86_64-linux-gnu/libnss_nis-2.19.so
7f0d730bb000-7f0d730bc000 r--p 0000a000 08:07 15863974                   /lib/x86_64-linux-gnu/libnss_nis-2.19.so
7f0d730bc000-7f0d730bd000 rw-p 0000b000 08:07 15863974                   /lib/x86_64-linux-gnu/libnss_nis-2.19.so
7f0d730bd000-7f0d730d4000 r-xp 00000000 08:07 15863958                   /lib/x86_64-linux-gnu/libnsl-2.19.so
7f0d730d4000-7f0d732d3000 ---p 00017000 08:07 15863958                   /lib/x86_64-linux-gnu/libnsl-2.19.so
7f0d732d3000-7f0d732d4000 r--p 00016000 08:07 15863958                   /lib/x86_64-linux-gnu/libnsl-2.19.so
7f0d732d4000-7f0d732d5000 rw-p 00017000 08:07 15863958                   /lib/x86_64-linux-gnu/libnsl-2.19.so
7f0d732d5000-7f0d732d7000 rw-p 00000000 00:00 0 
7f0d732d7000-7f0d732e0000 r-xp 00000000 08:07 15863960                   /lib/x86_64-linux-gnu/libnss_compat-2.19.so
7f0d732e0000-7f0d734df000 ---p 00009000 08:07 15863960                   /lib/x86_64-linux-gnu/libnss_compat-2.19.so
7f0d734df000-7f0d734e0000 r--p 00008000 08:07 15863960                   /lib/x86_64-linux-gnu/libnss_compat-2.19.so
7f0d734e0000-7f0d734e1000 rw-p 00009000 08:07 15863960                   /lib/x86_64-linux-gnu/libnss_compat-2.19.so
7f0d734e1000-7f0d73bc3000 r--p 00000000 08:07 20584980                   /usr/lib/locale/locale-archive
7f0d73bc3000-7f0d73bc5000 r-xp 00000000 08:07 21113437                   /usr/lib/jvm/java-8-oracle/jre/lib/amd64/libnpt.so
7f0d73bc5000-7f0d73dc5000 ---p 00002000 08:07 21113437                   /usr/lib/jvm/java-8-oracle/jre/lib/amd64/libnpt.so
7f0d73dc5000-7f0d73dc6000 rw-p 00002000 08:07 21113437                   /usr/lib/jvm/java-8-oracle/jre/lib/amd64/libnpt.so
7f0d73dc6000-7f0d73dff000 r-xp 00000000 08:07 21113406                   /usr/lib/jvm/java-8-oracle/jre/lib/amd64/libjdwp.so
7f0d73dff000-7f0d73ffe000 ---p 00039000 08:07 21113406                   /usr/lib/jvm/java-8-oracle/jre/lib/amd64/libjdwp.so
7f0d73ffe000-7f0d74000000 rw-p 00038000 08:07 21113406                   /usr/lib/jvm/java-8-oracle/jre/lib/amd64/libjdwp.so
7f0d74000000-7f0d74430000 rw-p 00000000 00:00 0 
7f0d74430000-7f0d78000000 ---p 00000000 00:00 0 
7f0d78015000-7f0d7808b000 rw-p 00000000 00:00 0 
7f0d7808b000-7f0d780b5000 r-xp 00000000 08:07 21113412                   /usr/lib/jvm/java-8-oracle/jre/lib/amd64/libjava.so
7f0d780b5000-7f0d782b5000 ---p 0002a000 08:07 21113412                   /usr/lib/jvm/java-8-oracle/jre/lib/amd64/libjava.so
7f0d782b5000-7f0d782b7000 rw-p 0002a000 08:07 21113412                   /usr/lib/jvm/java-8-oracle/jre/lib/amd64/libjava.so
7f0d782b7000-7f0d782c4000 r-xp 00000000 08:07 21113429                   /usr/lib/jvm/java-8-oracle/jre/lib/amd64/libverify.so
7f0d782c4000-7f0d784c4000 ---p 0000d000 08:07 21113429                   /usr/lib/jvm/java-8-oracle/jre/lib/amd64/libverify.so
7f0d784c4000-7f0d784c6000 rw-p 0000d000 08:07 21113429                   /usr/lib/jvm/java-8-oracle/jre/lib/amd64/libverify.so
7f0d784c6000-7f0d784cd000 r-xp 00000000 08:07 15864017                   /lib/x86_64-linux-gnu/librt-2.19.so
7f0d784cd000-7f0d786cc000 ---p 00007000 08:07 15864017                   /lib/x86_64-linux-gnu/librt-2.19.so
7f0d786cc000-7f0d786cd000 r--p 00006000 08:07 15864017                   /lib/x86_64-linux-gnu/librt-2.19.so
7f0d786cd000-7f0d786ce000 rw-p 00007000 08:07 15864017                   /lib/x86_64-linux-gnu/librt-2.19.so
7f0d786ce000-7f0d787d3000 r-xp 00000000 08:07 15863939                   /lib/x86_64-linux-gnu/libm-2.19.so
7f0d787d3000-7f0d789d2000 ---p 00105000 08:07 15863939                   /lib/x86_64-linux-gnu/libm-2.19.so
7f0d789d2000-7f0d789d3000 r--p 00104000 08:07 15863939                   /lib/x86_64-linux-gnu/libm-2.19.so
7f0d789d3000-7f0d789d4000 rw-p 00105000 08:07 15863939                   /lib/x86_64-linux-gnu/libm-2.19.so
7f0d789d4000-7f0d79692000 r-xp 00000000 08:07 21113424                   /usr/lib/jvm/java-8-oracle/jre/lib/amd64/server/libjvm.so
7f0d79692000-7f0d79891000 ---p 00cbe000 08:07 21113424                   /usr/lib/jvm/java-8-oracle/jre/lib/amd64/server/libjvm.so
7f0d79891000-7f0d7996a000 rw-p 00cbd000 08:07 21113424                   /usr/lib/jvm/java-8-oracle/jre/lib/amd64/server/libjvm.so
7f0d7996a000-7f0d799ae000 rw-p 00000000 00:00 0 
7f0d799ae000-7f0d79b69000 r-xp 00000000 08:07 15863889                   /lib/x86_64-linux-gnu/libc-2.19.so
7f0d79b69000-7f0d79d68000 ---p 001bb000 08:07 15863889                   /lib/x86_64-linux-gnu/libc-2.19.so
7f0d79d68000-7f0d79d6c000 r--p 001ba000 08:07 15863889                   /lib/x86_64-linux-gnu/libc-2.19.so
7f0d79d6c000-7f0d79d6e000 rw-p 001be000 08:07 15863889                   /lib/x86_64-linux-gnu/libc-2.19.so
7f0d79d6e000-7f0d79d73000 rw-p 00000000 00:00 0 
7f0d79d73000-7f0d79d76000 r-xp 00000000 08:07 15863906                   /lib/x86_64-linux-gnu/libdl-2.19.so
7f0d79d76000-7f0d79f75000 ---p 00003000 08:07 15863906                   /lib/x86_64-linux-gnu/libdl-2.19.so
7f0d79f75000-7f0d79f76000 r--p 00002000 08:07 15863906                   /lib/x86_64-linux-gnu/libdl-2.19.so
7f0d79f76000-7f0d79f77000 rw-p 00003000 08:07 15863906                   /lib/x86_64-linux-gnu/libdl-2.19.so
7f0d79f77000-7f0d79f8c000 r-xp 00000000 08:07 20844813                   /usr/lib/jvm/java-8-oracle/lib/amd64/jli/libjli.so
7f0d79f8c000-7f0d7a18c000 ---p 00015000 08:07 20844813                   /usr/lib/jvm/java-8-oracle/lib/amd64/jli/libjli.so
7f0d7a18c000-7f0d7a18d000 rw-p 00015000 08:07 20844813                   /usr/lib/jvm/java-8-oracle/lib/amd64/jli/libjli.so
7f0d7a18d000-7f0d7a1a6000 r-xp 00000000 08:07 15864009                   /lib/x86_64-linux-gnu/libpthread-2.19.so
7f0d7a1a6000-7f0d7a3a5000 ---p 00019000 08:07 15864009                   /lib/x86_64-linux-gnu/libpthread-2.19.so
7f0d7a3a5000-7f0d7a3a6000 r--p 00018000 08:07 15864009                   /lib/x86_64-linux-gnu/libpthread-2.19.so
7f0d7a3a6000-7f0d7a3a7000 rw-p 00019000 08:07 15864009                   /lib/x86_64-linux-gnu/libpthread-2.19.so
7f0d7a3a7000-7f0d7a3ab000 rw-p 00000000 00:00 0 
7f0d7a3ab000-7f0d7a3ce000 r-xp 00000000 08:07 15863865                   /lib/x86_64-linux-gnu/ld-2.19.so
7f0d7a3d9000-7f0d7a4a4000 rw-p 00000000 00:00 0 
7f0d7a4a4000-7f0d7a4a7000 ---p 00000000 00:00 0 
7f0d7a4a7000-7f0d7a5a9000 rw-p 00000000 00:00 0                          [stack:7908]
7f0d7a5b8000-7f0d7a5bb000 rw-p 00000000 00:00 0 
7f0d7a5bb000-7f0d7a5c1000 r--s 00047000 08:07 32637504                   /home/aditya/.m2/repository/org/jsoup/jsoup/1.8.3/jsoup-1.8.3.jar
7f0d7a5c1000-7f0d7a5c9000 rw-s 00000000 08:07 10617477                   /tmp/hsperfdata_aditya/7903
7f0d7a5c9000-7f0d7a5ca000 rw-p 00000000 00:00 0 
7f0d7a5ca000-7f0d7a5cb000 r--p 00000000 00:00 0 
7f0d7a5cb000-7f0d7a5cd000 rw-p 00000000 00:00 0 
7f0d7a5cd000-7f0d7a5ce000 r--p 00022000 08:07 15863865                   /lib/x86_64-linux-gnu/ld-2.19.so
7f0d7a5ce000-7f0d7a5cf000 rw-p 00023000 08:07 15863865                   /lib/x86_64-linux-gnu/ld-2.19.so
7f0d7a5cf000-7f0d7a5d0000 rw-p 00000000 00:00 0 
7ffcaa3d7000-7ffcaa3f8000 rw-p 00000000 00:00 0                          [stack]
7ffcaa3fb000-7ffcaa3fd000 r--p 00000000 00:00 0                          [vvar]
7ffcaa3fd000-7ffcaa3ff000 r-xp 00000000 00:00 0                          [vdso]
ffffffffff600000-ffffffffff601000 r-xp 00000000 00:00 0                  [vsyscall]

VM Arguments:
jvm_args: -agentlib:jdwp=transport=dt_socket,suspend=y,address=localhost:36781 -Dfile.encoding=UTF-8 
java_command: MatchParser
java_class_path (initial): /home/aditya/workspace/data-transformations/weltfussball-crawler/target/classes:/home/aditya/.m2/repository/org/jsoup/jsoup/1.8.3/jsoup-1.8.3.jar
Launcher Type: SUN_STANDARD

Environment Variables:
PATH=/usr/local/sbin:/usr/local/bin:/usr/sbin:/usr/bin:/sbin:/bin:/usr/games:/usr/local/games
SHELL=/bin/bash
DISPLAY=:0.0

Signal Handlers:
SIGSEGV: [libjvm.so+0xaba2a0], sa_mask[0]=11111111011111111101111111111110, sa_flags=SA_RESTART|SA_SIGINFO
SIGBUS: [libjvm.so+0xaba2a0], sa_mask[0]=11111111011111111101111111111110, sa_flags=SA_RESTART|SA_SIGINFO
SIGFPE: [libjvm.so+0x917710], sa_mask[0]=11111111011111111101111111111110, sa_flags=SA_RESTART|SA_SIGINFO
SIGPIPE: [libjvm.so+0x917710], sa_mask[0]=11111111011111111101111111111110, sa_flags=SA_RESTART|SA_SIGINFO
SIGXFSZ: [libjvm.so+0x917710], sa_mask[0]=11111111011111111101111111111110, sa_flags=SA_RESTART|SA_SIGINFO
SIGILL: [libjvm.so+0x917710], sa_mask[0]=11111111011111111101111111111110, sa_flags=SA_RESTART|SA_SIGINFO
SIGUSR1: SIG_DFL, sa_mask[0]=00000000000000000000000000000000, sa_flags=none
SIGUSR2: [libjvm.so+0x918d40], sa_mask[0]=00100000000000000000000000000000, sa_flags=SA_RESTART|SA_SIGINFO
SIGHUP: [libjvm.so+0x91a140], sa_mask[0]=11111111011111111101111111111110, sa_flags=SA_RESTART|SA_SIGINFO
SIGINT: [libjvm.so+0x91a140], sa_mask[0]=11111111011111111101111111111110, sa_flags=SA_RESTART|SA_SIGINFO
SIGTERM: [libjvm.so+0x91a140], sa_mask[0]=11111111011111111101111111111110, sa_flags=SA_RESTART|SA_SIGINFO
SIGQUIT: [libjvm.so+0x91a140], sa_mask[0]=11111111011111111101111111111110, sa_flags=SA_RESTART|SA_SIGINFO


---------------  S Y S T E M  ---------------

OS:DISTRIB_ID=Ubuntu
DISTRIB_RELEASE=14.04
DISTRIB_CODENAME=trusty
DISTRIB_DESCRIPTION="Ubuntu 14.04.3 LTS"

uname:Linux 3.19.0-33-generic #38~14.04.1-Ubuntu SMP Fri Nov 6 18:17:28 UTC 2015 x86_64
libc:glibc 2.19 NPTL 2.19 
rlimit: STACK 8192k, CORE 0k, NPROC 30302, NOFILE 4096, AS infinity
load average:1.43 0.79 0.55

/proc/meminfo:
MemTotal:        8084532 kB
MemFree:          125780 kB
MemAvailable:     534104 kB
Buffers:           59632 kB
Cached:          1115452 kB
SwapCached:       146824 kB
Active:          6138924 kB
Inactive:        1430160 kB
Active(anon):    5891528 kB
Inactive(anon):  1183644 kB
Active(file):     247396 kB
Inactive(file):   246516 kB
Unevictable:         168 kB
Mlocked:             168 kB
SwapTotal:       8297468 kB
SwapFree:        4881860 kB
Dirty:              2500 kB
Writeback:             0 kB
AnonPages:       6365252 kB
Mapped:           509924 kB
Shmem:            681452 kB
Slab:             211704 kB
SReclaimable:     166712 kB
SUnreclaim:        44992 kB
KernelStack:       14224 kB
PageTables:        80976 kB
NFS_Unstable:          0 kB
Bounce:                0 kB
WritebackTmp:          0 kB
CommitLimit:    12339732 kB
Committed_AS:   18016416 kB
VmallocTotal:   34359738367 kB
VmallocUsed:      391428 kB
VmallocChunk:   34359171964 kB
HardwareCorrupted:     0 kB
AnonHugePages:   1564672 kB
CmaTotal:              0 kB
CmaFree:               0 kB
HugePages_Total:       0
HugePages_Free:        0
HugePages_Rsvd:        0
HugePages_Surp:        0
Hugepagesize:       2048 kB
DirectMap4k:      215892 kB
DirectMap2M:     8081408 kB
DirectMap1G:           0 kB


CPU:total 4 (2 cores per cpu, 2 threads per core) family 6 model 61 stepping 4, cmov, cx8, fxsr, mmx, sse, sse2, sse3, ssse3, sse4.1, sse4.2, popcnt, avx, avx2, aes, clmul, erms, 3dnowpref, lzcnt, ht, tsc, tscinvbit, bmi1, bmi2, adx

/proc/cpuinfo:
processor	: 0
vendor_id	: GenuineIntel
cpu family	: 6
model		: 61
model name	: Intel(R) Core(TM) i7-5500U CPU @ 2.40GHz
stepping	: 4
microcode	: 0x21
cpu MHz		: 2899.968
cache size	: 4096 KB
physical id	: 0
siblings	: 4
core id		: 0
cpu cores	: 2
apicid		: 0
initial apicid	: 0
fpu		: yes
fpu_exception	: yes
cpuid level	: 20
wp		: yes
flags		: fpu vme de pse tsc msr pae mce cx8 apic sep mtrr pge mca cmov pat pse36 clflush dts acpi mmx fxsr sse sse2 ss ht tm pbe syscall nx pdpe1gb rdtscp lm constant_tsc arch_perfmon pebs bts rep_good nopl xtopology nonstop_tsc aperfmperf eagerfpu pni pclmulqdq dtes64 monitor ds_cpl vmx est tm2 ssse3 fma cx16 xtpr pdcm pcid sse4_1 sse4_2 x2apic movbe popcnt tsc_deadline_timer aes xsave avx f16c rdrand lahf_lm abm 3dnowprefetch ida arat epb pln pts dtherm tpr_shadow vnmi flexpriority ept vpid fsgsbase tsc_adjust bmi1 avx2 smep bmi2 erms invpcid rdseed adx smap xsaveopt
bugs		:
bogomips	: 4788.73
clflush size	: 64
cache_alignment	: 64
address sizes	: 39 bits physical, 48 bits virtual
power management:

processor	: 1
vendor_id	: GenuineIntel
cpu family	: 6
model		: 61
model name	: Intel(R) Core(TM) i7-5500U CPU @ 2.40GHz
stepping	: 4
microcode	: 0x21
cpu MHz		: 2959.687
cache size	: 4096 KB
physical id	: 0
siblings	: 4
core id		: 1
cpu cores	: 2
apicid		: 2
initial apicid	: 2
fpu		: yes
fpu_exception	: yes
cpuid level	: 20
wp		: yes
flags		: fpu vme de pse tsc msr pae mce cx8 apic sep mtrr pge mca cmov pat pse36 clflush dts acpi mmx fxsr sse sse2 ss ht tm pbe syscall nx pdpe1gb rdtscp lm constant_tsc arch_perfmon pebs bts rep_good nopl xtopology nonstop_tsc aperfmperf eagerfpu pni pclmulqdq dtes64 monitor ds_cpl vmx est tm2 ssse3 fma cx16 xtpr pdcm pcid sse4_1 sse4_2 x2apic movbe popcnt tsc_deadline_timer aes xsave avx f16c rdrand lahf_lm abm 3dnowprefetch ida arat epb pln pts dtherm tpr_shadow vnmi flexpriority ept vpid fsgsbase tsc_adjust bmi1 avx2 smep bmi2 erms invpcid rdseed adx smap xsaveopt
bugs		:
bogomips	: 4788.73
clflush size	: 64
cache_alignment	: 64
address sizes	: 39 bits physical, 48 bits virtual
power management:

processor	: 2
vendor_id	: GenuineIntel
cpu family	: 6
model		: 61
model name	: Intel(R) Core(TM) i7-5500U CPU @ 2.40GHz
stepping	: 4
microcode	: 0x21
cpu MHz		: 2899.968
cache size	: 4096 KB
physical id	: 0
siblings	: 4
core id		: 0
cpu cores	: 2
apicid		: 1
initial apicid	: 1
fpu		: yes
fpu_exception	: yes
cpuid level	: 20
wp		: yes
flags		: fpu vme de pse tsc msr pae mce cx8 apic sep mtrr pge mca cmov pat pse36 clflush dts acpi mmx fxsr sse sse2 ss ht tm pbe syscall nx pdpe1gb rdtscp lm constant_tsc arch_perfmon pebs bts rep_good nopl xtopology nonstop_tsc aperfmperf eagerfpu pni pclmulqdq dtes64 monitor ds_cpl vmx est tm2 ssse3 fma cx16 xtpr pdcm pcid sse4_1 sse4_2 x2apic movbe popcnt tsc_deadline_timer aes xsave avx f16c rdrand lahf_lm abm 3dnowprefetch ida arat epb pln pts dtherm tpr_shadow vnmi flexpriority ept vpid fsgsbase tsc_adjust bmi1 avx2 smep bmi2 erms invpcid rdseed adx smap xsaveopt
bugs		:
bogomips	: 4788.73
clflush size	: 64
cache_alignment	: 64
address sizes	: 39 bits physical, 48 bits virtual
power management:

processor	: 3
vendor_id	: GenuineIntel
cpu family	: 6
model		: 61
model name	: Intel(R) Core(TM) i7-5500U CPU @ 2.40GHz
stepping	: 4
microcode	: 0x21
cpu MHz		: 2930.062
cache size	: 4096 KB
physical id	: 0
siblings	: 4
core id		: 1
cpu cores	: 2
apicid		: 3
initial apicid	: 3
fpu		: yes
fpu_exception	: yes
cpuid level	: 20
wp		: yes
flags		: fpu vme de pse tsc msr pae mce cx8 apic sep mtrr pge mca cmov pat pse36 clflush dts acpi mmx fxsr sse sse2 ss ht tm pbe syscall nx pdpe1gb rdtscp lm constant_tsc arch_perfmon pebs bts rep_good nopl xtopology nonstop_tsc aperfmperf eagerfpu pni pclmulqdq dtes64 monitor ds_cpl vmx est tm2 ssse3 fma cx16 xtpr pdcm pcid sse4_1 sse4_2 x2apic movbe popcnt tsc_deadline_timer aes xsave avx f16c rdrand lahf_lm abm 3dnowprefetch ida arat epb pln pts dtherm tpr_shadow vnmi flexpriority ept vpid fsgsbase tsc_adjust bmi1 avx2 smep bmi2 erms invpcid rdseed adx smap xsaveopt
bugs		:
bogomips	: 4788.73
clflush size	: 64
cache_alignment	: 64
address sizes	: 39 bits physical, 48 bits virtual
power management:



Memory: 4k page, physical 8084532k(125532k free), swap 8297468k(4881860k free)

vm_info: Java HotSpot(TM) 64-Bit Server VM (25.66-b17) for linux-amd64 JRE (1.8.0_66-b17), built on Oct  6 2015 17:28:34 by "java_re" with gcc 4.3.0 20080428 (Red Hat 4.3.0-8)

time: Tue Jul 12 19:44:39 2016
elapsed time: 367 seconds (0d 0h 6m 7s)

