This is pdfTeX, Version 3.14159265-2.6-1.40.19 (MiKTeX 2.9.6630 64-bit) (preloaded format=pdflatex 2018.3.22)  22 MAR 2018 22:36
entering extended mode
**./penalties_paper.tex
(penalties_paper.tex
LaTeX2e <2017-04-15>
Babel <3.18> and hyphenation patterns for 75 language(s) loaded.
("C:\Users\adity\AppData\Local\Programs\MiKTeX 2.9\tex\latex\base\article.cls"
Document Class: article 2014/09/29 v1.4h Standard LaTeX document class
("C:\Users\adity\AppData\Local\Programs\MiKTeX 2.9\tex\latex\base\size11.clo"
File: size11.clo 2014/09/29 v1.4h Standard LaTeX file (size option)
)
\c@part=\count79
\c@section=\count80
\c@subsection=\count81
\c@subsubsection=\count82
\c@paragraph=\count83
\c@subparagraph=\count84
\c@figure=\count85
\c@table=\count86
\abovecaptionskip=\skip41
\belowcaptionskip=\skip42
\bibindent=\dimen102
) ("C:\Users\adity\AppData\Local\Programs\MiKTeX 2.9\tex\latex\base\fontenc.sty
"
Package: fontenc 2017/04/05 v2.0i Standard LaTeX package
("C:\Users\adity\AppData\Local\Programs\MiKTeX 2.9\tex\latex\base\t1enc.def"
File: t1enc.def 2017/04/05 v2.0i Standard LaTeX file
LaTeX Font Info:    Redeclaring font encoding T1 on input line 48.
))
("C:\Users\adity\AppData\Local\Programs\MiKTeX 2.9\tex\latex\base\inputenc.sty"
Package: inputenc 2015/03/17 v1.2c Input encoding file
\inpenc@prehook=\toks14
\inpenc@posthook=\toks15
("C:\Users\adity\AppData\Local\Programs\MiKTeX 2.9\tex\latex\base\latin9.def"
File: latin9.def 2015/03/17 v1.2c Input encoding file
))
("C:\Users\adity\AppData\Local\Programs\MiKTeX 2.9\tex\latex\amsmath\amsmath.st
y"
Package: amsmath 2017/09/02 v2.17a AMS math features
\@mathmargin=\skip43

For additional information on amsmath, use the `?' option.

("C:\Users\adity\AppData\Local\Programs\MiKTeX 2.9\tex\latex\amsmath\amstext.st
y"
Package: amstext 2000/06/29 v2.01 AMS text

("C:\Users\adity\AppData\Local\Programs\MiKTeX 2.9\tex\latex\amsmath\amsgen.sty
"
File: amsgen.sty 1999/11/30 v2.0 generic functions
\@emptytoks=\toks16
\ex@=\dimen103
))
("C:\Users\adity\AppData\Local\Programs\MiKTeX 2.9\tex\latex\amsmath\amsbsy.sty
"
Package: amsbsy 1999/11/29 v1.2d Bold Symbols
\pmbraise@=\dimen104
)
("C:\Users\adity\AppData\Local\Programs\MiKTeX 2.9\tex\latex\amsmath\amsopn.sty
"
Package: amsopn 2016/03/08 v2.02 operator names
)
\inf@bad=\count87
LaTeX Info: Redefining \frac on input line 213.
\uproot@=\count88
\leftroot@=\count89
LaTeX Info: Redefining \overline on input line 375.
\classnum@=\count90
\DOTSCASE@=\count91
LaTeX Info: Redefining \ldots on input line 472.
LaTeX Info: Redefining \dots on input line 475.
LaTeX Info: Redefining \cdots on input line 596.
\Mathstrutbox@=\box26
\strutbox@=\box27
\big@size=\dimen105
LaTeX Font Info:    Redeclaring font encoding OML on input line 712.
LaTeX Font Info:    Redeclaring font encoding OMS on input line 713.
\macc@depth=\count92
\c@MaxMatrixCols=\count93
\dotsspace@=\muskip10
\c@parentequation=\count94
\dspbrk@lvl=\count95
\tag@help=\toks17
\row@=\count96
\column@=\count97
\maxfields@=\count98
\andhelp@=\toks18
\eqnshift@=\dimen106
\alignsep@=\dimen107
\tagshift@=\dimen108
\tagwidth@=\dimen109
\totwidth@=\dimen110
\lineht@=\dimen111
\@envbody=\toks19
\multlinegap=\skip44
\multlinetaggap=\skip45
\mathdisplay@stack=\toks20
LaTeX Info: Redefining \[ on input line 2817.
LaTeX Info: Redefining \] on input line 2818.
)
("C:\Users\adity\AppData\Local\Programs\MiKTeX 2.9\tex\latex\amscls\amsthm.sty"
Package: amsthm 2017/10/31 v2.20.4
\thm@style=\toks21
\thm@bodyfont=\toks22
\thm@headfont=\toks23
\thm@notefont=\toks24
\thm@headpunct=\toks25
\thm@preskip=\skip46
\thm@postskip=\skip47
\thm@headsep=\skip48
\dth@everypar=\toks26
)
("C:\Users\adity\AppData\Local\Programs\MiKTeX 2.9\tex\latex\amsfonts\amssymb.s
ty"
Package: amssymb 2013/01/14 v3.01 AMS font symbols

("C:\Users\adity\AppData\Local\Programs\MiKTeX 2.9\tex\latex\amsfonts\amsfonts.
sty"
Package: amsfonts 2013/01/14 v3.01 Basic AMSFonts support
\symAMSa=\mathgroup4
\symAMSb=\mathgroup5
LaTeX Font Info:    Overwriting math alphabet `\mathfrak' in version `bold'
(Font)                  U/euf/m/n --> U/euf/b/n on input line 106.
))
("C:\Users\adity\AppData\Local\Programs\MiKTeX 2.9\tex\latex\graphics\graphicx.
sty"
Package: graphicx 2017/06/01 v1.1a Enhanced LaTeX Graphics (DPC,SPQR)

("C:\Users\adity\AppData\Local\Programs\MiKTeX 2.9\tex\latex\graphics\keyval.st
y"
Package: keyval 2014/10/28 v1.15 key=value parser (DPC)
\KV@toks@=\toks27
)
("C:\Users\adity\AppData\Local\Programs\MiKTeX 2.9\tex\latex\graphics\graphics.
sty"
Package: graphics 2017/06/25 v1.2c Standard LaTeX Graphics (DPC,SPQR)

("C:\Users\adity\AppData\Local\Programs\MiKTeX 2.9\tex\latex\graphics\trig.sty"
Package: trig 2016/01/03 v1.10 sin cos tan (DPC)
)
("C:\Users\adity\AppData\Local\Programs\MiKTeX 2.9\tex\latex\graphics-cfg\graph
ics.cfg"
File: graphics.cfg 2016/06/04 v1.11 sample graphics configuration
)
Package graphics Info: Driver file: pdftex.def on input line 99.

("C:\Users\adity\AppData\Local\Programs\MiKTeX 2.9\tex\latex\graphics-def\pdfte
x.def"
File: pdftex.def 2018/01/08 v1.0l Graphics/color driver for pdftex
))
\Gin@req@height=\dimen112
\Gin@req@width=\dimen113
)
("C:\Users\adity\AppData\Local\Programs\MiKTeX 2.9\tex\latex\setspace\setspace.
sty"
Package: setspace 2011/12/19 v6.7a set line spacing
)
("C:\Users\adity\AppData\Local\Programs\MiKTeX 2.9\tex\latex\esint\esint.sty"
Package: esint 
\symlargesymbolsA=\mathgroup6
)
("C:\Users\adity\AppData\Local\Programs\MiKTeX 2.9\tex\latex\natbib\natbib.sty"
Package: natbib 2010/09/13 8.31b (PWD, AO)
\bibhang=\skip49
\bibsep=\skip50
LaTeX Info: Redefining \cite on input line 694.
\c@NAT@ctr=\count99
) ("C:\Users\adity\AppData\Local\Programs\MiKTeX 2.9\tex\latex\psnfss\times.sty
"
Package: times 2005/04/12 PSNFSS-v9.2a (SPQR) 
)
("C:\Users\adity\AppData\Local\Programs\MiKTeX 2.9\tex\generic\babel\babel.sty"
Package: babel 2018/02/14 3.18 The Babel package
("C:\Users\adity\AppData\Local\Programs\MiKTeX 2.9\tex\generic\babel\switch.def
"
File: switch.def 2018/02/14 3.18 Babel switching mechanism
)
*************************************
* Local config file bblopts.cfg used
*
("C:\Users\adity\AppData\Local\Programs\MiKTeX 2.9\tex\latex\arabi\bblopts.cfg"
File: bblopts.cfg 2005/09/08 v0.1 add Arabic and Farsi to "declared" options of
 babel
)
("C:\Users\adity\AppData\Local\Programs\MiKTeX 2.9\tex\latex\babel-english\engl
ish.ldf"
Language: english 2017/06/06 v3.3r English support from the babel system

("C:\Users\adity\AppData\Local\Programs\MiKTeX 2.9\tex\generic\babel\babel.def"
File: babel.def 2018/02/14 3.18 Babel common definitions
\babel@savecnt=\count100
\U@D=\dimen114

("C:\Users\adity\AppData\Local\Programs\MiKTeX 2.9\tex\generic\babel\txtbabel.d
ef")
\bbl@dirlevel=\count101
)
\l@canadian = a dialect from \language\l@american 
\l@australian = a dialect from \language\l@british 
\l@newzealand = a dialect from \language\l@british 
))
("C:\Users\adity\AppData\Local\Programs\MiKTeX 2.9\tex\latex\wasysym\wasysym.st
y"
Package: wasysym 2003/10/30 v2.0 Wasy-2 symbol support package
\symwasy=\mathgroup7
LaTeX Font Info:    Overwriting symbol font `wasy' in version `bold'
(Font)                  U/wasy/m/n --> U/wasy/b/n on input line 90.
)
("C:\Users\adity\AppData\Local\Programs\MiKTeX 2.9\tex\latex\comment\comment.st
y"
\CommentStream=\write3
 Excluding comment 'comment')
("C:\Users\adity\AppData\Local\Programs\MiKTeX 2.9\tex\latex\float\float.sty"
Package: float 2001/11/08 v1.3d Float enhancements (AL)
\c@float@type=\count102
\float@exts=\toks28
\float@box=\box28
\@float@everytoks=\toks29
\@floatcapt=\box29
)
("C:\Users\adity\AppData\Local\Programs\MiKTeX 2.9\tex\latex\graphics\lscape.st
y"
Package: lscape 2000/10/22 v3.01 Landscape Pages (DPC)
) ("C:\Users\adity\AppData\Local\Programs\MiKTeX 2.9\tex\latex\bbm\bbm.sty"
Package: bbm 1999/03/15 V 1.2 provides fonts for set symbols - TH
LaTeX Font Info:    Overwriting math alphabet `\mathbbm' in version `bold'
(Font)                  U/bbm/m/n --> U/bbm/bx/n on input line 33.
LaTeX Font Info:    Overwriting math alphabet `\mathbbmss' in version `bold'
(Font)                  U/bbmss/m/n --> U/bbmss/bx/n on input line 35.
)
("C:\Users\adity\AppData\Local\Programs\MiKTeX 2.9\tex\latex\tools\bm.sty"
Package: bm 2017/01/16 v1.2c Bold Symbol Support (DPC/FMi)
\symboldoperators=\mathgroup8
\symboldletters=\mathgroup9
\symboldsymbols=\mathgroup10
\symboldwasy=\mathgroup11
LaTeX Font Info:    Redeclaring math alphabet \mathbf on input line 141.
LaTeX Info: Redefining \bm on input line 207.
)
("C:\Users\adity\AppData\Local\Programs\MiKTeX 2.9\tex\latex\tools\array.sty"
Package: array 2016/10/06 v2.4d Tabular extension package (FMi)
\col@sep=\dimen115
\extrarowheight=\dimen116
\NC@list=\toks30
\extratabsurround=\skip51
\backup@length=\skip52
)
("C:\Users\adity\AppData\Local\Programs\MiKTeX 2.9\tex\latex\multirow\multirow.
sty"
Package: multirow 2016/11/25 v2.2 Span multiple rows of a table
\multirow@colwidth=\skip53
\multirow@cntb=\count103
\multirow@dima=\skip54
\bigstrutjot=\dimen117
)
\c@theorem=\count104
\c@corollary=\count105
\c@proposition=\count106
\c@lemma=\count107
\c@definition=\count108
\c@claim=\count109
 (penalties_paper.aux (tables/shootout_aer.aux)
(tables/results_shotbyshot_aer.aux) (tables/results_deltaprob2_aer.aux)
(results_aer/results_shotbyshot_noFE.aux) (results_aer/results_goalDif_noFE.aux
) (tables/shootout_ext.aux) (tables/results_shotbyshot_ext.aux)
(tables/results_deltaprob2_ext.aux))
\openout1 = `penalties_paper.aux'.

LaTeX Font Info:    Checking defaults for OML/cmm/m/it on input line 84.
LaTeX Font Info:    ... okay on input line 84.
LaTeX Font Info:    Checking defaults for T1/cmr/m/n on input line 84.
LaTeX Font Info:    ... okay on input line 84.
LaTeX Font Info:    Checking defaults for OT1/cmr/m/n on input line 84.
LaTeX Font Info:    ... okay on input line 84.
LaTeX Font Info:    Checking defaults for OMS/cmsy/m/n on input line 84.
LaTeX Font Info:    ... okay on input line 84.
LaTeX Font Info:    Checking defaults for OMX/cmex/m/n on input line 84.
LaTeX Font Info:    ... okay on input line 84.
LaTeX Font Info:    Checking defaults for U/cmr/m/n on input line 84.
LaTeX Font Info:    ... okay on input line 84.
LaTeX Font Info:    Try loading font information for T1+ptm on input line 84.

("C:\Users\adity\AppData\Local\Programs\MiKTeX 2.9\tex\latex\psnfss\t1ptm.fd"
File: t1ptm.fd 2001/06/04 font definitions for T1/ptm.
)
("C:\Users\adity\AppData\Local\Programs\MiKTeX 2.9\tex\context\base\supp-pdf.mk
ii"
[Loading MPS to PDF converter (version 2006.09.02).]
\scratchcounter=\count110
\scratchdimen=\dimen118
\scratchbox=\box30
\nofMPsegments=\count111
\nofMParguments=\count112
\everyMPshowfont=\toks31
\MPscratchCnt=\count113
\MPscratchDim=\dimen119
\MPnumerator=\count114
\makeMPintoPDFobject=\count115
\everyMPtoPDFconversion=\toks32
)
("C:\Users\adity\AppData\Local\Programs\MiKTeX 2.9\tex\latex\oberdiek\epstopdf-
base.sty"
Package: epstopdf-base 2016/05/15 v2.6 Base part for package epstopdf

("C:\Users\adity\AppData\Local\Programs\MiKTeX 2.9\tex\generic\oberdiek\infware
rr.sty"
Package: infwarerr 2016/05/16 v1.4 Providing info/warning/error messages (HO)
)
("C:\Users\adity\AppData\Local\Programs\MiKTeX 2.9\tex\latex\oberdiek\grfext.st
y"
Package: grfext 2016/05/16 v1.2 Manage graphics extensions (HO)

("C:\Users\adity\AppData\Local\Programs\MiKTeX 2.9\tex\generic\oberdiek\kvdefin
ekeys.sty"
Package: kvdefinekeys 2016/05/16 v1.4 Define keys (HO)

("C:\Users\adity\AppData\Local\Programs\MiKTeX 2.9\tex\generic\oberdiek\ltxcmds
.sty"
Package: ltxcmds 2016/05/16 v1.23 LaTeX kernel commands for general use (HO)
)))
("C:\Users\adity\AppData\Local\Programs\MiKTeX 2.9\tex\latex\oberdiek\kvoptions
.sty"
Package: kvoptions 2016/05/16 v3.12 Key value format for package options (HO)

("C:\Users\adity\AppData\Local\Programs\MiKTeX 2.9\tex\generic\oberdiek\kvsetke
ys.sty"
Package: kvsetkeys 2016/05/16 v1.17 Key value parser (HO)

("C:\Users\adity\AppData\Local\Programs\MiKTeX 2.9\tex\generic\oberdiek\etexcmd
s.sty"
Package: etexcmds 2016/05/16 v1.6 Avoid name clashes with e-TeX commands (HO)

("C:\Users\adity\AppData\Local\Programs\MiKTeX 2.9\tex\generic\oberdiek\ifluate
x.sty"
Package: ifluatex 2016/05/16 v1.4 Provides the ifluatex switch (HO)
Package ifluatex Info: LuaTeX not detected.
)
Package etexcmds Info: Could not find \expanded.
(etexcmds)             That can mean that you are not using pdfTeX 1.50 or
(etexcmds)             that some package has redefined \expanded.
(etexcmds)             In the latter case, load this package earlier.
)))
("C:\Users\adity\AppData\Local\Programs\MiKTeX 2.9\tex\generic\oberdiek\pdftexc
mds.sty"
Package: pdftexcmds 2018/01/21 v0.26 Utility functions of pdfTeX for LuaTeX (HO
)

("C:\Users\adity\AppData\Local\Programs\MiKTeX 2.9\tex\generic\oberdiek\ifpdf.s
ty"
Package: ifpdf 2017/03/15 v3.2 Provides the ifpdf switch
)
Package pdftexcmds Info: LuaTeX not detected.
Package pdftexcmds Info: \pdf@primitive is available.
Package pdftexcmds Info: \pdf@ifprimitive is available.
Package pdftexcmds Info: \pdfdraftmode found.
)
Package epstopdf-base Info: Redefining graphics rule for `.eps' on input line 4
38.
Package grfext Info: Graphics extension search list:
(grfext)             [.pdf,.png,.jpg,.mps,.jpeg,.jbig2,.jb2,.PDF,.PNG,.JPG,.JPE
G,.JBIG2,.JB2,.eps]
(grfext)             \AppendGraphicsExtensions on input line 456.
)
LaTeX Font Info:    Try loading font information for U+msa on input line 94.

("C:\Users\adity\AppData\Local\Programs\MiKTeX 2.9\tex\latex\amsfonts\umsa.fd"
File: umsa.fd 2013/01/14 v3.01 AMS symbols A
)
LaTeX Font Info:    Try loading font information for U+msb on input line 94.
("C:\Users\adity\AppData\Local\Programs\MiKTeX 2.9\tex\latex\amsfonts\umsb.fd"
File: umsb.fd 2013/01/14 v3.01 AMS symbols B
)
LaTeX Font Info:    Try loading font information for U+esint on input line 94.
("C:\Users\adity\AppData\Local\Programs\MiKTeX 2.9\tex\latex\esint\uesint.fd"
File: uesint.fd 
)
LaTeX Font Info:    Try loading font information for U+wasy on input line 94.

("C:\Users\adity\AppData\Local\Programs\MiKTeX 2.9\tex\latex\wasysym\uwasy.fd"
File: uwasy.fd 2003/10/30 v2.0 Wasy-2 symbol font definitions
)
LaTeX Font Info:    Try loading font information for OMS+ptm on input line 94.
("C:\Users\adity\AppData\Local\Programs\MiKTeX 2.9\tex\latex\psnfss\omsptm.fd"
File: omsptm.fd 
)
LaTeX Font Info:    Font shape `OMS/ptm/m/n' in size <12> not available
(Font)              Font shape `OMS/cmsy/m/n' tried instead on input line 94.

LaTeX Font Warning: Font shape `U/wasy/b/n' in size <8> not available
(Font)              Font shape `U/wasy/m/n' tried instead on input line 94.


LaTeX Font Warning: Font shape `U/wasy/b/n' in size <6> not available
(Font)              Font shape `U/wasy/m/n' tried instead on input line 94.


LaTeX Font Warning: Font shape `U/wasy/b/n' in size <9> not available
(Font)              Font shape `U/wasy/m/n' tried instead on input line 94.


LaTeX Font Warning: Font shape `U/wasy/b/n' in size <5> not available
(Font)              Font shape `U/wasy/m/n' tried instead on input line 94.

LaTeX Font Info:    Font shape `OMS/ptm/m/n' in size <6> not available
(Font)              Font shape `OMS/cmsy/m/n' tried instead on input line 94.
LaTeX Font Info:    Font shape `T1/ptm/bx/n' in size <10> not available
(Font)              Font shape `T1/ptm/b/n' tried instead on input line 97.
[1

{C:/Users/adity/AppData/Local/MiKTeX/2.9/pdftex/config/pdftex.map}]
LaTeX Font Info:    Font shape `T1/ptm/bx/n' in size <14.4> not available
(Font)              Font shape `T1/ptm/b/n' tried instead on input line 110.

Overfull \hbox (15.77385pt too wide) in paragraph at lines 116--125
[]\T1/ptm/m/n/10.95 About 26.5% of foot-ball games are tied at the end of the n
or-ma-tive 90 min-utes. When a win-ner is re-quiredtypically
 []

[1]
LaTeX Font Info:    Font shape `OMS/ptm/m/n' in size <10.95> not available
(Font)              Font shape `OMS/cmsy/m/n' tried instead on input line 177.
LaTeX Font Info:    Font shape `T1/ptm/bx/n' in size <12> not available
(Font)              Font shape `T1/ptm/b/n' tried instead on input line 190.
LaTeX Font Info:    Font shape `T1/ptm/bx/n' in size <10.95> not available
(Font)              Font shape `T1/ptm/b/n' tried instead on input line 192.


Package natbib Warning: Citation `kocher2012psychological' on page 2 undefined 
on input line 192.


Package natbib Warning: Citation `apesteguia2010psychological' on page 2 undefi
ned on input line 196.


Package natbib Warning: Citation `kocher2012psychological' on page 2 undefined 
on input line 197.


Package natbib Warning: Citation `kocher2012psychological' on page 2 undefined 
on input line 198.


Package natbib Warning: Citation `apesteguia2010psychological' on page 2 undefi
ned on input line 199.

LaTeX Font Info:    Font shape `T1/ptm/bx/n' in size <9> not available
(Font)              Font shape `T1/ptm/b/n' tried instead on input line 201.

Package natbib Warning: Citation `kocher2012psychological' on page 2 undefined 
on input line 201.


Package natbib Warning: Citation `kocher2012psychological' on page 2 undefined 
on input line 217.


Package natbib Warning: Citation `apesteguia2010psychological' on page 2 undefi
ned on input line 217.


Package natbib Warning: Citation `apesteguia2010psychological' on page 2 undefi
ned on input line 225.

[2]

Package natbib Warning: Citation `kocher2012psychological' on page 3 undefined 
on input line 238.


Package natbib Warning: Citation `kocher2012psychological' on page 3 undefined 
on input line 261.


Package natbib Warning: Citation `apesteguia2010psychological' on page 3 undefi
ned on input line 261.


Package natbib Warning: Citation `kocher2012psychological' on page 3 undefined 
on input line 262.


Package natbib Warning: Citation `apesteguia2010psychological' on page 3 undefi
ned on input line 265.


Package natbib Warning: Citation `apesteguia2010psychological' on page 3 undefi
ned on input line 270.


Package natbib Warning: Citation `palacios2014beautiful' on page 3 undefined on
 input line 283.


Package natbib Warning: Citation `apesteguia2010psychological' on page 3 undefi
ned on input line 284.


Package natbib Warning: Citation `palacios2014beautiful' on page 3 undefined on
 input line 288.


Package natbib Warning: Citation `apesteguia2010psychological' on page 3 undefi
ned on input line 290.


Package natbib Warning: Citation `palacios2014beautiful' on page 3 undefined on
 input line 291.


Package natbib Warning: Citation `kocher2012psychological' on page 3 undefined 
on input line 294.

[3] [4]
\openout2 = `tables/shootout_aer.aux'.

 (tables/shootout_aer.tex)

Package natbib Warning: Citation `apesteguia2010psychological' on page 5 undefi
ned on input line 361.


Package natbib Warning: Citation `palacios2014beautiful' on page 5 undefined on
 input line 361.


Package natbib Warning: Citation `kocher2012psychological' on page 5 undefined 
on input line 362.

[5


]

Package natbib Warning: Citation `apesteguia2010psychological' on page 6 undefi
ned on input line 409.

[6] [7] [8]
\openout2 = `tables/results_shotbyshot_aer.aux'.

 (tables/results_shotbyshot_aer.tex) [9] [10


]
<one_shot_network_v4.pdf, id=49, 614.295pt x 794.97pt>
File: one_shot_network_v4.pdf Graphic file (type pdf)
<use one_shot_network_v4.pdf>
Package pdftex.def Info: one_shot_network_v4.pdf  used on input line 619.
(pdftex.def)             Requested size: 487.8225pt x 631.30672pt.


LaTeX Warning: `h' float specifier changed to `ht'.


Overfull \hbox (10.29787pt too wide) detected at line 647
\OML/cmm/m/it/10.95 w [] \OT1/cmr/m/n/10.95 = \OML/cmm/m/it/10.95 q [] [] \OT1/
cmr/m/n/10.95 + [] \OML/cmm/m/it/10.95 w [] :
 []

[11]
\openout2 = `tables/results_deltaprob2_aer.aux'.

 (tables/results_deltaprob2_aer.tex) [12] [13


] [14]

Package natbib Warning: Citation `palacios2014beautiful' on page 15 undefined o
n input line 811.


Package natbib Warning: Citation `palacios2014beautiful' on page 15 undefined o
n input line 832.

[15]
<TransitionProbs.pdf, id=67, 845.1575pt x 597.23125pt>
File: TransitionProbs.pdf Graphic file (type pdf)
<use TransitionProbs.pdf>
Package pdftex.def Info: TransitionProbs.pdf  used on input line 904.
(pdftex.def)             Requested size: 487.8225pt x 344.72668pt.


LaTeX Warning: `h' float specifier changed to `ht'.

[16]
Overfull \hbox (95.45108pt too wide) detected at line 954
\OML/cmm/m/it/10.95 v [] \OT1/cmr/m/n/10.95 = \OML/cmm/m/it/10.95 p[] [] v [] \
OT1/cmr/m/n/10.95 + \OML/cmm/m/it/10.95 p[] [] v [] \OT1/cmr/m/n/10.95 + \OML/c
mm/m/it/10.95 p[] [] v [] []s \OMS/cmsy/m/n/10.95 2 f \OT1/cmr/m/n/10.95 2\OML/
cmm/m/it/10.95 ; \OMS/cmsy/m/n/10.95  \OT1/cmr/m/n/10.95 1\OML/cmm/m/it/10.95 ;
 \OT1/cmr/m/n/10.95 0\OML/cmm/m/it/10.95 ; \OT1/cmr/m/n/10.95 1\OML/cmm/m/it/10
.95 ; \OT1/cmr/m/n/10.95 2\OMS/cmsy/m/n/10.95 g\OML/cmm/m/it/10.95 ; t \OMS/cms
y/m/n/10.95 2 fj\OML/cmm/m/it/10.95 s\OMS/cmsy/m/n/10.95 j \OT1/cmr/m/n/10.95 +
 1\OML/cmm/m/it/10.95 ; [] ; \OT1/cmr/m/n/10.95 5 \OMS/cmsy/m/n/10.95   j\OML/c
mm/m/it/10.95 s\OMS/cmsy/m/n/10.95 jg\OML/cmm/m/it/10.95 :
 []


LaTeX Warning: Reference `fig:TransProbs' on page 17 undefined on input line 95
9.

[17] [18] [19] [20]
Overfull \hbox (78.3167pt too wide) in paragraph at lines 1169--1172
\T1/ptm/m/n/10.95 The point es-ti-mates $\OMS/cmsy/m/n/10.95 f[]g[]$ \T1/ptm/m/
n/10.95 and $\OMS/cmsy/m/n/10.95 f[]g[]$ \T1/ptm/m/n/10.95 pro-vide an em-pir-i
-cal dis-tri-bu-tion of the es-ti-ma-tors $[]\OT1/cmr/m/n/10.95 (\OML/cmm/m/it/
10.95 t; z\OT1/cmr/m/n/10.95 )$ \T1/ptm/m/n/10.95 and $\OT1/cmr/m/n/10.95 ([]\O
ML/cmm/m/it/10.95 ; []; []\OT1/cmr/m/n/10.95 )$\T1/ptm/m/n/10.95 . 
 []

[21] [22] (penalties_paper.bbl) [23] [24]
LaTeX Font Info:    Font shape `T1/ptm/bx/n' in size <8> not available
(Font)              Font shape `T1/ptm/b/n' tried instead on input line 1394.
 [25]
Overfull \hbox (7.76308pt too wide) detected at line 1418
\OML/cmm/m/it/10.95 m[] [] \OT1/cmr/m/n/10.95 = \OML/cmm/m/it/10.95 p[] [] m[] 
[] \OT1/cmr/m/n/10.95 + \OML/cmm/m/it/10.95 p[] [] m[] [] \OT1/cmr/m/n/10.95 + 
\OML/cmm/m/it/10.95 p[] [] m[] [] :
 []


Overfull \hbox (8.24626pt too wide) in alignment at lines 1456--1460
 [][][] []
 []

[26]
\openout2 = `results_aer/results_shotbyshot_noFE.aux'.


No file results_aer/results_shotbyshot_noFE.tex.
\openout2 = `results_aer/results_goalDif_noFE.aux'.

No file results_aer/results_goalDif_noFE.tex.

Overfull \hbox (93.28027pt too wide) in paragraph at lines 1490--1512
[][] 
 []

\openout2 = `tables/shootout_ext.aux'.

(tables/shootout_ext.tex)
\openout2 = `tables/results_shotbyshot_ext.aux'.

 (tables/results_shotbyshot_ext.tex)
\openout2 = `tables/results_deltaprob2_ext.aux'.


(tables/results_deltaprob2_ext.tex)

Package natbib Warning: There were undefined citations.

[27




] [28


] [29


] [30


] [31 <./one_shot_network_v4.pdf>] [32 <./TransitionProbs.pdf>] (penalties_pape
r.aux (tables/shootout_aer.aux)
(tables/results_shotbyshot_aer.aux) (tables/results_deltaprob2_aer.aux)
(results_aer/results_shotbyshot_noFE.aux) (results_aer/results_goalDif_noFE.aux
) (tables/shootout_ext.aux) (tables/results_shotbyshot_ext.aux)
(tables/results_deltaprob2_ext.aux))

LaTeX Warning: There were undefined references.

 ) 
Here is how much of TeX's memory you used:
 4347 strings out of 493305
 61744 string characters out of 3129802
 142865 words of memory out of 3000000
 7677 multiletter control sequences out of 15000+200000
 70138 words of font info for 132 fonts, out of 3000000 for 9000
 1141 hyphenation exceptions out of 8191
 41i,12n,32p,354b,244s stack positions out of 5000i,500n,10000p,200000b,50000s
{C:/Users/adity/AppData/Local/Programs/MiKTeX 2.9/fonts/enc/dvips/base/8r.enc
}<C:/Users/adity/AppData/Local/Programs/MiKTeX 2.9/fonts/type1/public/amsfonts/
cm/cmbx10.pfb><C:/Users/adity/AppData/Local/Programs/MiKTeX 2.9/fonts/type1/pub
lic/amsfonts/cm/cmex10.pfb><C:/Users/adity/AppData/Local/Programs/MiKTeX 2.9/fo
nts/type1/public/amsfonts/cm/cmmi10.pfb><C:/Users/adity/AppData/Local/Programs/
MiKTeX 2.9/fonts/type1/public/amsfonts/cm/cmmi5.pfb><C:/Users/adity/AppData/Loc
al/Programs/MiKTeX 2.9/fonts/type1/public/amsfonts/cm/cmmi6.pfb><C:/Users/adity
/AppData/Local/Programs/MiKTeX 2.9/fonts/type1/public/amsfonts/cm/cmmi8.pfb><C:
/Users/adity/AppData/Local/Programs/MiKTeX 2.9/fonts/type1/public/amsfonts/cm/c
mmi9.pfb><C:/Users/adity/AppData/Local/Programs/MiKTeX 2.9/fonts/type1/public/a
msfonts/cm/cmr10.pfb><C:/Users/adity/AppData/Local/Programs/MiKTeX 2.9/fonts/ty
pe1/public/amsfonts/cm/cmr5.pfb><C:/Users/adity/AppData/Local/Programs/MiKTeX 2
.9/fonts/type1/public/amsfonts/cm/cmr8.pfb><C:/Users/adity/AppData/Local/Progra
ms/MiKTeX 2.9/fonts/type1/public/amsfonts/cm/cmr9.pfb><C:/Users/adity/AppData/L
ocal/Programs/MiKTeX 2.9/fonts/type1/public/amsfonts/cm/cmsy10.pfb><C:/Users/ad
ity/AppData/Local/Programs/MiKTeX 2.9/fonts/type1/public/amsfonts/cm/cmsy5.pfb>
<C:/Users/adity/AppData/Local/Programs/MiKTeX 2.9/fonts/type1/public/amsfonts/c
m/cmsy6.pfb><C:/Users/adity/AppData/Local/Programs/MiKTeX 2.9/fonts/type1/publi
c/amsfonts/cm/cmsy8.pfb><C:/Users/adity/AppData/Local/Programs/MiKTeX 2.9/fonts
/type1/public/amsfonts/cm/cmsy9.pfb><C:/Users/adity/AppData/Local/Programs/MiKT
eX 2.9/fonts/type1/urw/times/utmb8a.pfb><C:/Users/adity/AppData/Local/Programs/
MiKTeX 2.9/fonts/type1/urw/times/utmr8a.pfb><C:/Users/adity/AppData/Local/Progr
ams/MiKTeX 2.9/fonts/type1/urw/times/utmri8a.pfb><C:/Users/adity/AppData/Local/
Programs/MiKTeX 2.9/fonts/type1/public/wasy/wasy10.pfb>
Output written on penalties_paper.pdf (33 pages, 339478 bytes).
PDF statistics:
 230 PDF objects out of 1000 (max. 8388607)
 0 named destinations out of 1000 (max. 500000)
 23 words of extra memory for PDF output out of 10000 (max. 10000000)

